Log file open, 09/23/20 00:20:11
LogInit: Display: Running engine for game: DemBoisGaming
LogPlatformFile: Not using cached read wrapper
LogTaskGraph: Started task graph with 5 named threads and 11 total threads with 3 sets of task threads.
LogStats: Stats thread started at 0.723901
LogD3D11RHI: Loaded GFSDK_Aftermath_Lib.x64.dll
LogICUInternationalization: ICU TimeZone Detection - Raw Offset: +0:00, Platform Override: ''
LogPluginManager: Mounting plugin Paper2D
LogPluginManager: Mounting plugin AISupport
LogPluginManager: Mounting plugin LightPropagationVolume
LogPluginManager: Mounting plugin CameraShakePreviewer
LogPluginManager: Mounting plugin ActorLayerUtilities
LogPluginManager: Mounting plugin AnimationSharing
LogPluginManager: Mounting plugin CLionSourceCodeAccess
LogPluginManager: Mounting plugin CodeLiteSourceCodeAccess
LogPluginManager: Mounting plugin GitSourceControl
LogPluginManager: Mounting plugin KDevelopSourceCodeAccess
LogPluginManager: Mounting plugin NullSourceCodeAccess
LogPluginManager: Mounting plugin PerforceSourceControl
LogPluginManager: Mounting plugin PlasticSourceControl
LogPluginManager: Mounting plugin RiderSourceCodeAccess
LogPluginManager: Mounting plugin SubversionSourceControl
LogPluginManager: Mounting plugin UObjectPlugin
LogPluginManager: Mounting plugin VisualStudioCodeSourceCodeAccess
LogPluginManager: Mounting plugin VisualStudioSourceCodeAccess
LogPluginManager: Mounting plugin XCodeSourceCodeAccess
LogPluginManager: Mounting plugin AssetManagerEditor
LogPluginManager: Mounting plugin CryptoKeys
LogPluginManager: Mounting plugin CurveEditorTools
LogPluginManager: Mounting plugin DataValidation
LogPluginManager: Mounting plugin EditorScriptingUtilities
LogPluginManager: Mounting plugin FacialAnimation
LogPluginManager: Mounting plugin GameplayTagsEditor
LogPluginManager: Mounting plugin GeometryMode
LogPluginManager: Mounting plugin MacGraphicsSwitching
LogPluginManager: Mounting plugin MaterialAnalyzer
LogPluginManager: Mounting plugin MobileLauncherProfileWizard
LogPluginManager: Mounting plugin PluginBrowser
LogPluginManager: Mounting plugin SpeedTreeImporter
LogPluginManager: Mounting plugin DatasmithContent
LogPluginManager: Mounting plugin VariantManagerContent
LogPluginManager: Mounting plugin AlembicImporter
LogPluginManager: Mounting plugin AutomationUtils
LogPluginManager: Mounting plugin BackChannel
LogPluginManager: Mounting plugin ChaosCloth
LogPluginManager: Mounting plugin ChaosClothEditor
LogPluginManager: Mounting plugin ChaosEditor
LogPluginManager: Mounting plugin ChaosNiagara
LogPluginManager: Mounting plugin ChaosSolverPlugin
LogPluginManager: Mounting plugin CharacterAI
LogPluginManager: Mounting plugin GeometryCache
LogPluginManager: Mounting plugin GeometryCollectionPlugin
LogPluginManager: Mounting plugin GeometryProcessing
LogPluginManager: Mounting plugin PlanarCut
LogPluginManager: Mounting plugin PlatformCrypto
LogPluginManager: Mounting plugin ProxyLODPlugin
LogPluginManager: Mounting plugin SkeletalReduction
LogPluginManager: Mounting plugin Niagara
LogPluginManager: Mounting plugin MagicLeap
LogPluginManager: Mounting plugin MagicLeapLightEstimation
LogPluginManager: Mounting plugin MagicLeapMedia
LogPluginManager: Mounting plugin MagicLeapPassableWorld
LogPluginManager: Mounting plugin MLSDK
LogPluginManager: Mounting plugin AndroidMedia
LogPluginManager: Mounting plugin AvfMedia
LogPluginManager: Mounting plugin ImgMedia
LogPluginManager: Mounting plugin MediaCompositing
LogPluginManager: Mounting plugin MediaPlayerEditor
LogPluginManager: Mounting plugin WebMMedia
LogPluginManager: Mounting plugin WmfMedia
LogPluginManager: Mounting plugin MeshPainting
LogPluginManager: Mounting plugin TcpMessaging
LogPluginManager: Mounting plugin UdpMessaging
LogPluginManager: Mounting plugin ActorSequence
LogPluginManager: Mounting plugin LevelSequenceEditor
LogPluginManager: Mounting plugin MatineeToLevelSequence
LogPluginManager: Mounting plugin MovieRenderPipeline
LogPluginManager: Mounting plugin TemplateSequence
LogPluginManager: Mounting plugin NetcodeUnitTest
LogPluginManager: Mounting plugin NUTUnrealEngine4
LogPluginManager: Mounting plugin OnlineSubsystemGooglePlay
LogPluginManager: Mounting plugin OnlineSubsystemIOS
LogPluginManager: Mounting plugin OnlineSubsystem
LogPluginManager: Mounting plugin OnlineSubsystemNull
LogPluginManager: Mounting plugin OnlineSubsystemUtils
LogPluginManager: Mounting plugin LauncherChunkInstaller
LogPluginManager: Mounting plugin AndroidDeviceProfileSelector
LogPluginManager: Mounting plugin AndroidMoviePlayer
LogPluginManager: Mounting plugin AndroidPermission
LogPluginManager: Mounting plugin AppleImageUtils
LogPluginManager: Mounting plugin AppleMoviePlayer
LogPluginManager: Mounting plugin ArchVisCharacter
LogPluginManager: Mounting plugin AssetTags
LogPluginManager: Mounting plugin AudioCapture
LogPluginManager: Mounting plugin CableComponent
LogPluginManager: Mounting plugin CustomMeshComponent
LogPluginManager: Mounting plugin EditableMesh
LogPluginManager: Mounting plugin ExampleDeviceProfileSelector
LogPluginManager: Mounting plugin GoogleCloudMessaging
LogPluginManager: Mounting plugin GooglePAD
LogPluginManager: Mounting plugin IOSDeviceProfileSelector
LogPluginManager: Mounting plugin LinuxDeviceProfileSelector
LogPluginManager: Mounting plugin LocationServicesBPLibrary
LogPluginManager: Mounting plugin MobilePatchingUtils
LogPluginManager: Mounting plugin OculusVR
LogPluginManager: Mounting plugin PhysXVehicles
LogPluginManager: Mounting plugin PostSplashScreen
LogPluginManager: Mounting plugin ProceduralMeshComponent
LogPluginManager: Mounting plugin RuntimePhysXCooking
LogPluginManager: Mounting plugin SignificanceManager
LogPluginManager: Mounting plugin SoundFields
LogPluginManager: Mounting plugin SteamVR
LogPluginManager: Mounting plugin Synthesis
LogPluginManager: Mounting plugin WebMMoviePlayer
LogPluginManager: Mounting plugin WindowsMoviePlayer
LogPluginManager: Mounting plugin ScreenshotTools
LogInit: Using libcurl 7.55.1-DEV
LogInit:  - built for x86_64-pc-win32
LogInit:  - supports SSL with OpenSSL/1.1.1
LogInit:  - supports HTTP deflate (compression) using libz 1.2.8
LogInit:  - other features:
LogInit:      CURL_VERSION_SSL
LogInit:      CURL_VERSION_LIBZ
LogInit:      CURL_VERSION_IPV6
LogInit:      CURL_VERSION_ASYNCHDNS
LogInit:      CURL_VERSION_LARGEFILE
LogInit:      CURL_VERSION_IDN
LogInit:  CurlRequestOptions (configurable via config and command line):
LogInit:  - bVerifyPeer = true  - Libcurl will verify peer certificate
LogInit:  - bUseHttpProxy = false  - Libcurl will NOT use HTTP proxy
LogInit:  - bDontReuseConnections = false  - Libcurl will reuse connections
LogInit:  - MaxHostConnections = 16  - Libcurl will limit the number of connections to a host
LogInit:  - LocalHostAddr = Default
LogInit:  - BufferSize = 65536
LogOnline: OSS: Creating online subsystem instance for: NULL
LogInit: WinSock: version 1.1 (2.2), MaxSocks=32767, MaxUdp=65467
LogOnline: OSS: TryLoadSubsystemAndSetDefault: Loaded subsystem for module [NULL]
LogInit: Build: ++UE4+Release-4.25-CL-13942748
LogInit: Engine Version: 4.25.3-13942748+++UE4+Release-4.25
LogInit: Compatible Engine Version: 4.25.0-13144385+++UE4+Release-4.25
LogInit: Net CL: 13144385
LogInit: OS: Windows 10 (Release 1909) (), CPU: Intel(R) Core(TM) i7-5500U CPU @ 2.40GHz, GPU: Intel(R) HD Graphics 5500
LogInit: Compiled (64-bit): Jul 25 2020 02:07:48
LogInit: Compiled with Visual C++: 19.24.28315.00
LogInit: Build Configuration: Development
LogInit: Branch Name: ++UE4+Release-4.25
LogInit: Command Line: 
LogInit: Base Directory: C:/Program Files/Epic Games/UE_4.25/Engine/Binaries/Win64/
LogInit: Allocator: TBB
LogInit: Installed Engine Build: 1
LogDevObjectVersion: Number of dev versions registered: 26
LogDevObjectVersion:   Dev-Blueprints (B0D832E4-1F89-4F0D-ACCF-7EB736FD4AA2): 10
LogDevObjectVersion:   Dev-Build (E1C64328-A22C-4D53-A36C-8E866417BD8C): 0
LogDevObjectVersion:   Dev-Core (375EC13C-06E4-48FB-B500-84F0262A717E): 4
LogDevObjectVersion:   Dev-Editor (E4B068ED-F494-42E9-A231-DA0B2E46BB41): 38
LogDevObjectVersion:   Dev-Framework (CFFC743F-43B0-4480-9391-14DF171D2073): 37
LogDevObjectVersion:   Dev-Mobile (B02B49B5-BB20-44E9-A304-32B752E40360): 2
LogDevObjectVersion:   Dev-Networking (A4E4105C-59A1-49B5-A7C5-40C4547EDFEE): 0
LogDevObjectVersion:   Dev-Online (39C831C9-5AE6-47DC-9A44-9C173E1C8E7C): 0
LogDevObjectVersion:   Dev-Physics (78F01B33-EBEA-4F98-B9B4-84EACCB95AA2): 4
LogDevObjectVersion:   Dev-Platform (6631380F-2D4D-43E0-8009-CF276956A95A): 0
LogDevObjectVersion:   Dev-Rendering (12F88B9F-8875-4AFC-A67C-D90C383ABD29): 43
LogDevObjectVersion:   Dev-Sequencer (7B5AE74C-D270-4C10-A958-57980B212A5A): 12
LogDevObjectVersion:   Dev-VR (D7296918-1DD6-4BDD-9DE2-64A83CC13884): 3
LogDevObjectVersion:   Dev-LoadTimes (C2A15278-BFE7-4AFE-6C17-90FF531DF755): 1
LogDevObjectVersion:   Private-Geometry (6EACA3D4-40EC-4CC1-B786-8BED09428FC5): 3
LogDevObjectVersion:   Dev-AnimPhys (29E575DD-E0A3-4627-9D10-D276232CDCEA): 17
LogDevObjectVersion:   Dev-Anim (AF43A65D-7FD3-4947-9873-3E8ED9C1BB05): 7
LogDevObjectVersion:   Dev-ReflectionCapture (6B266CEC-1EC7-4B8F-A30B-E4D90942FC07): 1
LogDevObjectVersion:   Dev-Automation (0DF73D61-A23F-47EA-B727-89E90C41499A): 1
LogDevObjectVersion:   FortniteMain (601D1886-AC64-4F84-AA16-D3DE0DEAC7D6): 31
LogDevObjectVersion:   Dev-Enterprise (9DFFBCD6-494F-0158-E221-12823C92A888): 10
LogDevObjectVersion:   Dev-Niagara (F2AED0AC-9AFE-416F-8664-AA7FFA26D6FC): 1
LogDevObjectVersion:   Dev-Destruction (174F1F0B-B4C6-45A5-B13F-2EE8D0FB917D): 10
LogDevObjectVersion:   Dev-Physics-Ext (35F94A83-E258-406C-A318-09F59610247C): 37
LogDevObjectVersion:   Dev-PhysicsMaterial-Chaos (B68FC16E-8B1B-42E2-B453-215C058844FE): 1
LogDevObjectVersion:   Dev-CineCamera (B2E18506-4273-CFC2-A54E-F4BB758BBA07): 1
LogInit: Presizing for max 25165824 objects, including 0 objects not considered by GC, pre-allocating 0 bytes for permanent pool.
LogConfig: Applying CVar settings from Section [/Script/Engine.StreamingSettings] File [C:/Users/Calum O'Donoghue/Documents/GitHub/DemBoisGaming/Saved/Config/Windows/Engine.ini]
LogConfig: Setting CVar [[s.MinBulkDataSizeForAsyncLoading:131072]]
LogConfig: Setting CVar [[s.AsyncLoadingThreadEnabled:0]]
LogConfig: Setting CVar [[s.EventDrivenLoaderEnabled:1]]
LogConfig: Setting CVar [[s.WarnIfTimeLimitExceeded:0]]
LogConfig: Setting CVar [[s.TimeLimitExceededMultiplier:1.5]]
LogConfig: Setting CVar [[s.TimeLimitExceededMinTime:0.005]]
LogConfig: Setting CVar [[s.UseBackgroundLevelStreaming:1]]
LogConfig: Setting CVar [[s.PriorityAsyncLoadingExtraTime:15.0]]
LogConfig: Setting CVar [[s.LevelStreamingActorsUpdateTimeLimit:5.0]]
LogConfig: Setting CVar [[s.PriorityLevelStreamingActorsUpdateExtraTime:5.0]]
LogConfig: Setting CVar [[s.LevelStreamingComponentsRegistrationGranularity:10]]
LogConfig: Setting CVar [[s.UnregisterComponentsTimeLimit:1.0]]
LogConfig: Setting CVar [[s.LevelStreamingComponentsUnregistrationGranularity:5]]
LogConfig: Setting CVar [[s.FlushStreamingOnExit:1]]
LogInit: Object subsystem initialized
LogConfig: Setting CVar [[con.DebugEarlyDefault:1]]
LogConfig: Setting CVar [[r.setres:1280x720]]
[2020.09.22-23.20.12:046][  0]LogConfig: Setting CVar [[r.VSync:0]]
[2020.09.22-23.20.12:046][  0]LogConfig: Setting CVar [[r.RHICmdBypass:0]]
[2020.09.22-23.20.12:046][  0]LogConfig: Applying CVar settings from Section [/Script/Engine.RendererSettings] File [C:/Users/Calum O'Donoghue/Documents/GitHub/DemBoisGaming/Saved/Config/Windows/Engine.ini]
[2020.09.22-23.20.12:046][  0]LogConfig: Setting CVar [[r.GPUCrashDebugging:0]]
[2020.09.22-23.20.12:046][  0]LogConfig: Setting CVar [[r.Mobile.DisableVertexFog:1]]
[2020.09.22-23.20.12:046][  0]LogConfig: Setting CVar [[r.Shadow.CSM.MaxMobileCascades:2]]
[2020.09.22-23.20.12:046][  0]LogConfig: Setting CVar [[r.MobileMSAA:1]]
[2020.09.22-23.20.12:046][  0]LogConfig: Setting CVar [[r.Mobile.UseLegacyShadingModel:0]]
[2020.09.22-23.20.12:046][  0]LogConfig: Setting CVar [[r.Mobile.AllowDitheredLODTransition:0]]
[2020.09.22-23.20.12:046][  0]LogConfig: Setting CVar [[r.Mobile.AllowSoftwareOcclusion:0]]
[2020.09.22-23.20.12:046][  0]LogConfig: Setting CVar [[r.Mobile.VirtualTextures:0]]
[2020.09.22-23.20.12:046][  0]LogConfig: Setting CVar [[r.DiscardUnusedQuality:0]]
[2020.09.22-23.20.12:046][  0]LogConfig: Setting CVar [[r.AllowOcclusionQueries:1]]
[2020.09.22-23.20.12:046][  0]LogConfig: Setting CVar [[r.MinScreenRadiusForLights:0.030000]]
[2020.09.22-23.20.12:046][  0]LogConfig: Setting CVar [[r.MinScreenRadiusForDepthPrepass:0.030000]]
[2020.09.22-23.20.12:046][  0]LogConfig: Setting CVar [[r.MinScreenRadiusForCSMDepth:0.010000]]
[2020.09.22-23.20.12:046][  0]LogConfig: Setting CVar [[r.PrecomputedVisibilityWarning:0]]
[2020.09.22-23.20.12:046][  0]LogConfig: Setting CVar [[r.TextureStreaming:1]]
[2020.09.22-23.20.12:046][  0]LogConfig: Setting CVar [[Compat.UseDXT5NormalMaps:0]]
[2020.09.22-23.20.12:046][  0]LogConfig: Setting CVar [[r.VirtualTextures:0]]
[2020.09.22-23.20.12:046][  0]LogConfig: Setting CVar [[r.VirtualTexturedLightmaps:0]]
[2020.09.22-23.20.12:046][  0]LogConfig: Setting CVar [[r.VT.TileSize:128]]
[2020.09.22-23.20.12:046][  0]LogConfig: Setting CVar [[r.VT.TileBorderSize:4]]
[2020.09.22-23.20.12:046][  0]LogConfig: Setting CVar [[r.vt.FeedbackFactor:16]]
[2020.09.22-23.20.12:046][  0]LogConfig: Setting CVar [[r.VT.EnableCompressZlib:1]]
[2020.09.22-23.20.12:046][  0]LogConfig: Setting CVar [[r.VT.EnableCompressCrunch:0]]
[2020.09.22-23.20.12:046][  0]LogConfig: Setting CVar [[r.ClearCoatNormal:0]]
[2020.09.22-23.20.12:046][  0]LogConfig: Setting CVar [[r.AnisotropicBRDF:0]]
[2020.09.22-23.20.12:047][  0]LogConfig: Setting CVar [[r.ReflectionCaptureResolution:128]]
[2020.09.22-23.20.12:047][  0]LogConfig: Setting CVar [[r.ReflectionEnvironmentLightmapMixBasedOnRoughness:1]]
[2020.09.22-23.20.12:047][  0]LogConfig: Setting CVar [[r.ForwardShading:0]]
[2020.09.22-23.20.12:047][  0]LogConfig: Setting CVar [[r.VertexFoggingForOpaque:1]]
[2020.09.22-23.20.12:047][  0]LogConfig: Setting CVar [[r.AllowStaticLighting:1]]
[2020.09.22-23.20.12:047][  0]LogConfig: Setting CVar [[r.NormalMapsForStaticLighting:0]]
[2020.09.22-23.20.12:047][  0]LogConfig: Setting CVar [[r.GenerateMeshDistanceFields:0]]
[2020.09.22-23.20.12:047][  0]LogConfig: Setting CVar [[r.DistanceFieldBuild.EightBit:0]]
[2020.09.22-23.20.12:047][  0]LogConfig: Setting CVar [[r.GenerateLandscapeGIData:0]]
[2020.09.22-23.20.12:047][  0]LogConfig: Setting CVar [[r.DistanceFieldBuild.Compress:0]]
[2020.09.22-23.20.12:047][  0]LogConfig: Setting CVar [[r.TessellationAdaptivePixelsPerTriangle:48.000000]]
[2020.09.22-23.20.12:047][  0]LogConfig: Setting CVar [[r.SeparateTranslucency:1]]
[2020.09.22-23.20.12:047][  0]LogConfig: Setting CVar [[r.TranslucentSortPolicy:0]]
[2020.09.22-23.20.12:047][  0]LogConfig: Setting CVar [[r.CustomDepth:1]]
[2020.09.22-23.20.12:047][  0]LogConfig: Setting CVar [[r.CustomDepthTemporalAAJitter:1]]
[2020.09.22-23.20.12:047][  0]LogConfig: Setting CVar [[r.PostProcessing.PropagateAlpha:0]]
[2020.09.22-23.20.12:047][  0]LogConfig: Setting CVar [[r.DefaultFeature.Bloom:1]]
[2020.09.22-23.20.12:047][  0]LogConfig: Setting CVar [[r.DefaultFeature.AmbientOcclusion:1]]
[2020.09.22-23.20.12:047][  0]LogConfig: Setting CVar [[r.DefaultFeature.AmbientOcclusionStaticFraction:1]]
[2020.09.22-23.20.12:047][  0]LogConfig: Setting CVar [[r.DefaultFeature.AutoExposure:0]]
[2020.09.22-23.20.12:047][  0]LogConfig: Setting CVar [[r.DefaultFeature.AutoExposure.Method:0]]
[2020.09.22-23.20.12:047][  0]LogConfig: Setting CVar [[r.DefaultFeature.AutoExposure.Bias:1.000000]]
[2020.09.22-23.20.12:047][  0]LogConfig: Setting CVar [[r.DefaultFeature.AutoExposure.ExtendDefaultLuminanceRange:0]]
[2020.09.22-23.20.12:047][  0]LogConfig: Setting CVar [[r.UsePreExposure:1]]
[2020.09.22-23.20.12:047][  0]LogConfig: Setting CVar [[r.EyeAdaptation.EditorOnly:0]]
[2020.09.22-23.20.12:047][  0]LogConfig: Setting CVar [[r.DefaultFeature.MotionBlur:0]]
[2020.09.22-23.20.12:047][  0]LogConfig: Setting CVar [[r.DefaultFeature.LensFlare:0]]
[2020.09.22-23.20.12:047][  0]LogConfig: Setting CVar [[r.TemporalAA.Upsampling:0]]
[2020.09.22-23.20.12:047][  0]LogConfig: Setting CVar [[r.SSGI.Enable:0]]
[2020.09.22-23.20.12:047][  0]LogConfig: Setting CVar [[r.DefaultFeature.AntiAliasing:0]]
[2020.09.22-23.20.12:047][  0]LogConfig: Setting CVar [[r.DefaultFeature.LightUnits:1]]
[2020.09.22-23.20.12:047][  0]LogConfig: Setting CVar [[r.DefaultBackBufferPixelFormat:4]]
[2020.09.22-23.20.12:047][  0]LogConfig: Setting CVar [[r.Shadow.UnbuiltPreviewInGame:1]]
[2020.09.22-23.20.12:047][  0]LogConfig: Setting CVar [[r.StencilForLODDither:0]]
[2020.09.22-23.20.12:047][  0]LogConfig: Setting CVar [[r.EarlyZPass:3]]
[2020.09.22-23.20.12:047][  0]LogConfig: Setting CVar [[r.EarlyZPassOnlyMaterialMasking:0]]
[2020.09.22-23.20.12:047][  0]LogConfig: Setting CVar [[r.DBuffer:1]]
[2020.09.22-23.20.12:047][  0]LogConfig: Setting CVar [[r.ClearSceneMethod:1]]
[2020.09.22-23.20.12:047][  0]LogConfig: Setting CVar [[r.BasePassOutputsVelocity:0]]
[2020.09.22-23.20.12:047][  0]LogConfig: Setting CVar [[r.VertexDeformationOutputsVelocity:0]]
[2020.09.22-23.20.12:047][  0]LogConfig: Setting CVar [[r.SelectiveBasePassOutputs:0]]
[2020.09.22-23.20.12:047][  0]LogConfig: Setting CVar [[fx.GPUSimulationTextureSizeX:1024]]
[2020.09.22-23.20.12:047][  0]LogConfig: Setting CVar [[fx.GPUSimulationTextureSizeY:1024]]
[2020.09.22-23.20.12:047][  0]LogConfig: Setting CVar [[r.AllowGlobalClipPlane:0]]
[2020.09.22-23.20.12:047][  0]LogConfig: Setting CVar [[r.GBufferFormat:1]]
[2020.09.22-23.20.12:047][  0]LogConfig: Setting CVar [[r.MorphTarget.Mode:1]]
[2020.09.22-23.20.12:047][  0]LogConfig: Setting CVar [[vr.InstancedStereo:0]]
[2020.09.22-23.20.12:047][  0]LogConfig: Setting CVar [[r.MobileHDR:1]]
[2020.09.22-23.20.12:047][  0]LogConfig: Setting CVar [[vr.MobileMultiView:0]]
[2020.09.22-23.20.12:047][  0]LogConfig: Setting CVar [[r.Mobile.UseHWsRGBEncoding:0]]
[2020.09.22-23.20.12:047][  0]LogConfig: Setting CVar [[vr.RoundRobinOcclusion:0]]
[2020.09.22-23.20.12:048][  0]LogConfig: Setting CVar [[vr.ODSCapture:0]]
[2020.09.22-23.20.12:048][  0]LogConfig: Setting CVar [[r.MeshStreaming:0]]
[2020.09.22-23.20.12:048][  0]LogConfig: Setting CVar [[r.WireframeCullThreshold:5.000000]]
[2020.09.22-23.20.12:048][  0]LogConfig: Setting CVar [[r.RayTracing:0]]
[2020.09.22-23.20.12:048][  0]LogConfig: Setting CVar [[r.RayTracing.UseTextureLod:0]]
[2020.09.22-23.20.12:048][  0]LogConfig: Setting CVar [[r.SupportStationarySkylight:1]]
[2020.09.22-23.20.12:048][  0]LogConfig: Setting CVar [[r.SupportLowQualityLightmaps:1]]
[2020.09.22-23.20.12:048][  0]LogConfig: Setting CVar [[r.SupportPointLightWholeSceneShadows:1]]
[2020.09.22-23.20.12:048][  0]LogConfig: Setting CVar [[r.SupportAtmosphericFog:1]]
[2020.09.22-23.20.12:048][  0]LogConfig: Setting CVar [[r.SupportSkyAtmosphere:1]]
[2020.09.22-23.20.12:048][  0]LogConfig: Setting CVar [[r.SupportSkyAtmosphereAffectsHeightFog:0]]
[2020.09.22-23.20.12:048][  0]LogConfig: Setting CVar [[r.SkinCache.CompileShaders:0]]
[2020.09.22-23.20.12:048][  0]LogConfig: Setting CVar [[r.SkinCache.DefaultBehavior:1]]
[2020.09.22-23.20.12:048][  0]LogConfig: Setting CVar [[r.SkinCache.SceneMemoryLimitInMB:128.000000]]
[2020.09.22-23.20.12:048][  0]LogConfig: Setting CVar [[r.Mobile.EnableStaticAndCSMShadowReceivers:1]]
[2020.09.22-23.20.12:048][  0]LogConfig: Setting CVar [[r.Mobile.EnableMovableLightCSMShaderCulling:1]]
[2020.09.22-23.20.12:048][  0]LogConfig: Setting CVar [[r.Mobile.AllowDistanceFieldShadows:1]]
[2020.09.22-23.20.12:048][  0]LogConfig: Setting CVar [[r.Mobile.AllowMovableDirectionalLights:1]]
[2020.09.22-23.20.12:048][  0]LogConfig: Setting CVar [[r.MobileNumDynamicPointLights:4]]
[2020.09.22-23.20.12:048][  0]LogConfig: Setting CVar [[r.MobileDynamicPointLightsUseStaticBranch:1]]
[2020.09.22-23.20.12:048][  0]LogConfig: Setting CVar [[r.Mobile.EnableMovableSpotlights:0]]
[2020.09.22-23.20.12:048][  0]LogConfig: Setting CVar [[r.GPUSkin.Support16BitBoneIndex:0]]
[2020.09.22-23.20.12:048][  0]LogConfig: Setting CVar [[r.GPUSkin.Limit2BoneInfluences:0]]
[2020.09.22-23.20.12:048][  0]LogConfig: Setting CVar [[r.SupportDepthOnlyIndexBuffers:1]]
[2020.09.22-23.20.12:048][  0]LogConfig: Setting CVar [[r.SupportReversedIndexBuffers:1]]
[2020.09.22-23.20.12:048][  0]LogConfig: Setting CVar [[r.SupportMaterialLayers:0]]
[2020.09.22-23.20.12:048][  0]LogConfig: Setting CVar [[r.LightPropagationVolume:0]]
[2020.09.22-23.20.12:048][  0]LogConfig: Applying CVar settings from Section [/Script/Engine.RendererOverrideSettings] File [C:/Users/Calum O'Donoghue/Documents/GitHub/DemBoisGaming/Saved/Config/Windows/Engine.ini]
[2020.09.22-23.20.12:048][  0]LogConfig: Applying CVar settings from Section [/Script/Engine.StreamingSettings] File [C:/Users/Calum O'Donoghue/Documents/GitHub/DemBoisGaming/Saved/Config/Windows/Engine.ini]
[2020.09.22-23.20.12:048][  0]LogConfig: Setting CVar [[s.MinBulkDataSizeForAsyncLoading:131072]]
[2020.09.22-23.20.12:048][  0]LogConfig: Setting CVar [[s.AsyncLoadingThreadEnabled:0]]
[2020.09.22-23.20.12:048][  0]LogConfig: Setting CVar [[s.EventDrivenLoaderEnabled:1]]
[2020.09.22-23.20.12:048][  0]LogConfig: Setting CVar [[s.WarnIfTimeLimitExceeded:0]]
[2020.09.22-23.20.12:048][  0]LogConfig: Setting CVar [[s.TimeLimitExceededMultiplier:1.5]]
[2020.09.22-23.20.12:048][  0]LogConfig: Setting CVar [[s.TimeLimitExceededMinTime:0.005]]
[2020.09.22-23.20.12:048][  0]LogConfig: Setting CVar [[s.UseBackgroundLevelStreaming:1]]
[2020.09.22-23.20.12:048][  0]LogConfig: Setting CVar [[s.PriorityAsyncLoadingExtraTime:15.0]]
[2020.09.22-23.20.12:048][  0]LogConfig: Setting CVar [[s.LevelStreamingActorsUpdateTimeLimit:5.0]]
[2020.09.22-23.20.12:048][  0]LogConfig: Setting CVar [[s.PriorityLevelStreamingActorsUpdateExtraTime:5.0]]
[2020.09.22-23.20.12:048][  0]LogConfig: Setting CVar [[s.LevelStreamingComponentsRegistrationGranularity:10]]
[2020.09.22-23.20.12:048][  0]LogConfig: Setting CVar [[s.UnregisterComponentsTimeLimit:1.0]]
[2020.09.22-23.20.12:048][  0]LogConfig: Setting CVar [[s.LevelStreamingComponentsUnregistrationGranularity:5]]
[2020.09.22-23.20.12:048][  0]LogConfig: Setting CVar [[s.FlushStreamingOnExit:1]]
[2020.09.22-23.20.12:048][  0]LogConfig: Applying CVar settings from Section [/Script/Engine.GarbageCollectionSettings] File [C:/Users/Calum O'Donoghue/Documents/GitHub/DemBoisGaming/Saved/Config/Windows/Engine.ini]
[2020.09.22-23.20.12:048][  0]LogConfig: Setting CVar [[gc.MaxObjectsNotConsideredByGC:1]]
[2020.09.22-23.20.12:048][  0]LogConfig: Setting CVar [[gc.SizeOfPermanentObjectPool:0]]
[2020.09.22-23.20.12:048][  0]LogConfig: Setting CVar [[gc.FlushStreamingOnGC:0]]
[2020.09.22-23.20.12:048][  0]LogConfig: Setting CVar [[gc.NumRetriesBeforeForcingGC:10]]
[2020.09.22-23.20.12:048][  0]LogConfig: Setting CVar [[gc.AllowParallelGC:1]]
[2020.09.22-23.20.12:049][  0]LogConfig: Setting CVar [[gc.TimeBetweenPurgingPendingKillObjects:61.1]]
[2020.09.22-23.20.12:049][  0]LogConfig: Setting CVar [[gc.MaxObjectsInEditor:25165824]]
[2020.09.22-23.20.12:049][  0]LogConfig: Setting CVar [[gc.IncrementalBeginDestroyEnabled:1]]
[2020.09.22-23.20.12:049][  0]LogConfig: Setting CVar [[gc.CreateGCClusters:1]]
[2020.09.22-23.20.12:049][  0]LogConfig: Setting CVar [[gc.MinGCClusterSize:5]]
[2020.09.22-23.20.12:049][  0]LogConfig: Setting CVar [[gc.ActorClusteringEnabled:0]]
[2020.09.22-23.20.12:049][  0]LogConfig: Setting CVar [[gc.BlueprintClusteringEnabled:0]]
[2020.09.22-23.20.12:049][  0]LogConfig: Setting CVar [[gc.UseDisregardForGCOnDedicatedServers:0]]
[2020.09.22-23.20.12:049][  0]LogConfig: Applying CVar settings from Section [/Script/Engine.NetworkSettings] File [C:/Users/Calum O'Donoghue/Documents/GitHub/DemBoisGaming/Saved/Config/Windows/Engine.ini]
[2020.09.22-23.20.12:049][  0]LogConfig: Applying CVar settings from Section [/Script/UnrealEd.CookerSettings] File [C:/Users/Calum O'Donoghue/Documents/GitHub/DemBoisGaming/Saved/Config/Windows/Engine.ini]
[2020.09.22-23.20.12:055][  0]LogConfig: Applying CVar settings from Section [ViewDistanceQuality@3] File [C:/Users/Calum O'Donoghue/Documents/GitHub/DemBoisGaming/Saved/Config/Windows/Scalability.ini]
[2020.09.22-23.20.12:055][  0]LogConfig: Setting CVar [[r.SkeletalMeshLODBias:0]]
[2020.09.22-23.20.12:055][  0]LogConfig: Setting CVar [[r.ViewDistanceScale:1.0]]
[2020.09.22-23.20.12:055][  0]LogConfig: Applying CVar settings from Section [AntiAliasingQuality@3] File [C:/Users/Calum O'Donoghue/Documents/GitHub/DemBoisGaming/Saved/Config/Windows/Scalability.ini]
[2020.09.22-23.20.12:055][  0]LogConfig: Setting CVar [[r.PostProcessAAQuality:4]]
[2020.09.22-23.20.12:055][  0]LogConfig: Applying CVar settings from Section [ShadowQuality@3] File [C:/Users/Calum O'Donoghue/Documents/GitHub/DemBoisGaming/Saved/Config/Windows/Scalability.ini]
[2020.09.22-23.20.12:055][  0]LogConfig: Setting CVar [[r.LightFunctionQuality:1]]
[2020.09.22-23.20.12:055][  0]LogConfig: Setting CVar [[r.ShadowQuality:5]]
[2020.09.22-23.20.12:055][  0]LogConfig: Setting CVar [[r.Shadow.CSM.MaxCascades:10]]
[2020.09.22-23.20.12:055][  0]LogConfig: Setting CVar [[r.Shadow.MaxResolution:2048]]
[2020.09.22-23.20.12:055][  0]LogConfig: Setting CVar [[r.Shadow.MaxCSMResolution:2048]]
[2020.09.22-23.20.12:055][  0]LogConfig: Setting CVar [[r.Shadow.RadiusThreshold:0.01]]
[2020.09.22-23.20.12:055][  0]LogConfig: Setting CVar [[r.Shadow.DistanceScale:1.0]]
[2020.09.22-23.20.12:055][  0]LogConfig: Setting CVar [[r.Shadow.CSM.TransitionScale:1.0]]
[2020.09.22-23.20.12:055][  0]LogConfig: Setting CVar [[r.Shadow.PreShadowResolutionFactor:1.0]]
[2020.09.22-23.20.12:055][  0]LogConfig: Setting CVar [[r.DistanceFieldShadowing:1]]
[2020.09.22-23.20.12:055][  0]LogConfig: Setting CVar [[r.DistanceFieldAO:1]]
[2020.09.22-23.20.12:055][  0]LogConfig: Setting CVar [[r.AOQuality:2]]
[2020.09.22-23.20.12:055][  0]LogConfig: Setting CVar [[r.VolumetricFog:1]]
[2020.09.22-23.20.12:055][  0]LogConfig: Setting CVar [[r.VolumetricFog.GridPixelSize:8]]
[2020.09.22-23.20.12:056][  0]LogConfig: Setting CVar [[r.VolumetricFog.GridSizeZ:128]]
[2020.09.22-23.20.12:056][  0]LogConfig: Setting CVar [[r.VolumetricFog.HistoryMissSupersampleCount:4]]
[2020.09.22-23.20.12:056][  0]LogConfig: Setting CVar [[r.LightMaxDrawDistanceScale:1]]
[2020.09.22-23.20.12:056][  0]LogConfig: Setting CVar [[r.CapsuleShadows:1]]
[2020.09.22-23.20.12:056][  0]LogConfig: Applying CVar settings from Section [PostProcessQuality@3] File [C:/Users/Calum O'Donoghue/Documents/GitHub/DemBoisGaming/Saved/Config/Windows/Scalability.ini]
[2020.09.22-23.20.12:056][  0]LogConfig: Setting CVar [[r.MotionBlurQuality:4]]
[2020.09.22-23.20.12:056][  0]LogConfig: Setting CVar [[r.AmbientOcclusionMipLevelFactor:0.4]]
[2020.09.22-23.20.12:056][  0]LogConfig: Setting CVar [[r.AmbientOcclusionMaxQuality:100]]
[2020.09.22-23.20.12:056][  0]LogConfig: Setting CVar [[r.AmbientOcclusionLevels:-1]]
[2020.09.22-23.20.12:056][  0]LogConfig: Setting CVar [[r.AmbientOcclusionRadiusScale:1.0]]
[2020.09.22-23.20.12:056][  0]LogConfig: Setting CVar [[r.DepthOfFieldQuality:2]]
[2020.09.22-23.20.12:056][  0]LogConfig: Setting CVar [[r.RenderTargetPoolMin:400]]
[2020.09.22-23.20.12:056][  0]LogConfig: Setting CVar [[r.LensFlareQuality:2]]
[2020.09.22-23.20.12:056][  0]LogConfig: Setting CVar [[r.SceneColorFringeQuality:1]]
[2020.09.22-23.20.12:056][  0]LogConfig: Setting CVar [[r.EyeAdaptationQuality:2]]
[2020.09.22-23.20.12:056][  0]LogConfig: Setting CVar [[r.BloomQuality:5]]
[2020.09.22-23.20.12:056][  0]LogConfig: Setting CVar [[r.FastBlurThreshold:100]]
[2020.09.22-23.20.12:056][  0]LogConfig: Setting CVar [[r.Upscale.Quality:3]]
[2020.09.22-23.20.12:056][  0]LogConfig: Setting CVar [[r.Tonemapper.GrainQuantization:1]]
[2020.09.22-23.20.12:056][  0]LogConfig: Setting CVar [[r.LightShaftQuality:1]]
[2020.09.22-23.20.12:056][  0]LogConfig: Setting CVar [[r.Filter.SizeScale:1]]
[2020.09.22-23.20.12:056][  0]LogConfig: Setting CVar [[r.Tonemapper.Quality:5]]
[2020.09.22-23.20.12:056][  0]LogConfig: Setting CVar [[r.DOF.Gather.AccumulatorQuality:1        ; higher gathering accumulator quality]]
[2020.09.22-23.20.12:056][  0]LogConfig: Setting CVar [[r.DOF.Gather.PostfilterMethod:1          ; Median3x3 postfilering method]]
[2020.09.22-23.20.12:056][  0]LogConfig: Setting CVar [[r.DOF.Gather.EnableBokehSettings:0       ; no bokeh simulation when gathering]]
[2020.09.22-23.20.12:056][  0]LogConfig: Setting CVar [[r.DOF.Gather.RingCount:4                 ; medium number of samples when gathering]]
[2020.09.22-23.20.12:056][  0]LogConfig: Setting CVar [[r.DOF.Scatter.ForegroundCompositing:1    ; additive foreground scattering]]
[2020.09.22-23.20.12:056][  0]LogConfig: Setting CVar [[r.DOF.Scatter.BackgroundCompositing:2    ; additive background scattering]]
[2020.09.22-23.20.12:056][  0]LogConfig: Setting CVar [[r.DOF.Scatter.EnableBokehSettings:1      ; bokeh simulation when scattering]]
[2020.09.22-23.20.12:056][  0]LogConfig: Setting CVar [[r.DOF.Scatter.MaxSpriteRatio:0.1         ; only a maximum of 10% of scattered bokeh]]
[2020.09.22-23.20.12:056][  0]LogConfig: Setting CVar [[r.DOF.Recombine.Quality:1                ; cheap slight out of focus]]
[2020.09.22-23.20.12:056][  0]LogConfig: Setting CVar [[r.DOF.Recombine.EnableBokehSettings:0    ; no bokeh simulation on slight out of focus]]
[2020.09.22-23.20.12:056][  0]LogConfig: Setting CVar [[r.DOF.TemporalAAQuality:1                ; more stable temporal accumulation]]
[2020.09.22-23.20.12:056][  0]LogConfig: Setting CVar [[r.DOF.Kernel.MaxForegroundRadius:0.025]]
[2020.09.22-23.20.12:056][  0]LogConfig: Setting CVar [[r.DOF.Kernel.MaxBackgroundRadius:0.025]]
[2020.09.22-23.20.12:056][  0]LogConfig: Applying CVar settings from Section [TextureQuality@3] File [C:/Users/Calum O'Donoghue/Documents/GitHub/DemBoisGaming/Saved/Config/Windows/Scalability.ini]
[2020.09.22-23.20.12:056][  0]LogConfig: Setting CVar [[r.Streaming.MipBias:0]]
[2020.09.22-23.20.12:056][  0]LogConfig: Setting CVar [[r.Streaming.AmortizeCPUToGPUCopy:0]]
[2020.09.22-23.20.12:056][  0]LogConfig: Setting CVar [[r.Streaming.MaxNumTexturesToStreamPerFrame:0]]
[2020.09.22-23.20.12:056][  0]LogConfig: Setting CVar [[r.Streaming.Boost:1]]
[2020.09.22-23.20.12:056][  0]LogConfig: Setting CVar [[r.MaxAnisotropy:8]]
[2020.09.22-23.20.12:056][  0]LogConfig: Setting CVar [[r.VT.MaxAnisotropy:8]]
[2020.09.22-23.20.12:056][  0]LogConfig: Setting CVar [[r.Streaming.LimitPoolSizeToVRAM:0]]
[2020.09.22-23.20.12:056][  0]LogConfig: Setting CVar [[r.Streaming.PoolSize:1000]]
[2020.09.22-23.20.12:056][  0]LogConfig: Setting CVar [[r.Streaming.MaxEffectiveScreenSize:0]]
[2020.09.22-23.20.12:056][  0]LogConfig: Applying CVar settings from Section [EffectsQuality@3] File [C:/Users/Calum O'Donoghue/Documents/GitHub/DemBoisGaming/Saved/Config/Windows/Scalability.ini]
[2020.09.22-23.20.12:056][  0]LogConfig: Setting CVar [[r.TranslucencyLightingVolumeDim:64]]
[2020.09.22-23.20.12:056][  0]LogConfig: Setting CVar [[r.RefractionQuality:2]]
[2020.09.22-23.20.12:057][  0]LogConfig: Setting CVar [[r.SSR.Quality:3]]
[2020.09.22-23.20.12:057][  0]LogConfig: Setting CVar [[r.SSR.HalfResSceneColor:0]]
[2020.09.22-23.20.12:057][  0]LogConfig: Setting CVar [[r.SceneColorFormat:4]]
[2020.09.22-23.20.12:057][  0]LogConfig: Setting CVar [[r.DetailMode:2]]
[2020.09.22-23.20.12:057][  0]LogConfig: Setting CVar [[r.TranslucencyVolumeBlur:1]]
[2020.09.22-23.20.12:057][  0]LogConfig: Setting CVar [[r.MaterialQualityLevel:1 ; High quality]]
[2020.09.22-23.20.12:057][  0]LogConfig: Setting CVar [[r.SSS.Scale:1]]
[2020.09.22-23.20.12:057][  0]LogConfig: Setting CVar [[r.SSS.SampleSet:2]]
[2020.09.22-23.20.12:057][  0]LogConfig: Setting CVar [[r.SSS.Quality:1]]
[2020.09.22-23.20.12:057][  0]LogConfig: Setting CVar [[r.SSS.HalfRes:0]]
[2020.09.22-23.20.12:057][  0]LogConfig: Setting CVar [[r.SSGI.Quality:3]]
[2020.09.22-23.20.12:057][  0]LogConfig: Setting CVar [[r.EmitterSpawnRateScale:1.0]]
[2020.09.22-23.20.12:057][  0]LogConfig: Setting CVar [[r.ParticleLightQuality:2]]
[2020.09.22-23.20.12:057][  0]LogConfig: Setting CVar [[r.SkyAtmosphere.AerialPerspectiveLUT.FastApplyOnOpaque:1 ; Always have FastSkyLUT 1 in this case to avoid wrong sky]]
[2020.09.22-23.20.12:057][  0]LogConfig: Setting CVar [[r.SkyAtmosphere.AerialPerspectiveLUT.SampleCountPerSlice:1]]
[2020.09.22-23.20.12:057][  0]LogConfig: Setting CVar [[r.SkyAtmosphere.AerialPerspectiveLUT.DepthResolution:16.0]]
[2020.09.22-23.20.12:057][  0]LogConfig: Setting CVar [[r.SkyAtmosphere.FastSkyLUT:1]]
[2020.09.22-23.20.12:057][  0]LogConfig: Setting CVar [[r.SkyAtmosphere.FastSkyLUT.SampleCountMin:4.0]]
[2020.09.22-23.20.12:057][  0]LogConfig: Setting CVar [[r.SkyAtmosphere.FastSkyLUT.SampleCountMax:32.0]]
[2020.09.22-23.20.12:057][  0]LogConfig: Setting CVar [[r.SkyAtmosphere.SampleCountMin:4.0]]
[2020.09.22-23.20.12:057][  0]LogConfig: Setting CVar [[r.SkyAtmosphere.SampleCountMax:32.0]]
[2020.09.22-23.20.12:057][  0]LogConfig: Setting CVar [[r.SkyAtmosphere.TransmittanceLUT.UseSmallFormat:0]]
[2020.09.22-23.20.12:057][  0]LogConfig: Setting CVar [[r.SkyAtmosphere.TransmittanceLUT.SampleCount:10.0]]
[2020.09.22-23.20.12:057][  0]LogConfig: Setting CVar [[r.SkyAtmosphere.MultiScatteringLUT.SampleCount:15.0]]
[2020.09.22-23.20.12:057][  0]LogConfig: Applying CVar settings from Section [FoliageQuality@3] File [C:/Users/Calum O'Donoghue/Documents/GitHub/DemBoisGaming/Saved/Config/Windows/Scalability.ini]
[2020.09.22-23.20.12:057][  0]LogConfig: Setting CVar [[foliage.DensityScale:1.0]]
[2020.09.22-23.20.12:057][  0]LogConfig: Setting CVar [[grass.DensityScale:1.0]]
[2020.09.22-23.20.12:057][  0]LogConfig: Applying CVar settings from Section [ShadingQuality@3] File [C:/Users/Calum O'Donoghue/Documents/GitHub/DemBoisGaming/Saved/Config/Windows/Scalability.ini]
[2020.09.22-23.20.12:057][  0]LogConfig: Setting CVar [[r.HairStrands.SkyLighting.SampleCount:16]]
[2020.09.22-23.20.12:057][  0]LogConfig: Setting CVar [[r.HairStrands.SkyLighting.JitterIntegration:0]]
[2020.09.22-23.20.12:057][  0]LogConfig: Setting CVar [[r.HairStrands.SkyAO.SampleCount:16]]
[2020.09.22-23.20.12:057][  0]LogConfig: Setting CVar [[r.HairStrands.DeepShadow.SuperSampling:0]]
[2020.09.22-23.20.12:057][  0]LogConfig: Setting CVar [[r.HairStrands.VisibilityPPLL:0]]
[2020.09.22-23.20.12:057][  0]LogConfig: Setting CVar [[r.HairStrands.RasterizationScale:0.5]]
[2020.09.22-23.20.12:057][  0]LogConfig: Setting CVar [[r.HairStrands.VelocityRasterizationScale:1]]
[2020.09.22-23.20.12:057][  0]LogInit: Selected Device Profile: [Windows]
[2020.09.22-23.20.12:057][  0]LogInit: Applying CVar settings loaded from the selected device profile: [Windows]
[2020.09.22-23.20.12:057][  0]LogHAL: Display: Platform has ~ 16 GB [16901132288 / 17179869184 / 16], which maps to Larger [LargestMinGB=32, LargerMinGB=12, DefaultMinGB=8, SmallerMinGB=6, SmallestMinGB=0)
[2020.09.22-23.20.12:057][  0]LogInit: Going up to parent DeviceProfile []
[2020.09.22-23.20.12:057][  0]LogConfig: Applying CVar settings from Section [ViewDistanceQuality@3] File [C:/Users/Calum O'Donoghue/Documents/GitHub/DemBoisGaming/Saved/Config/Windows/Scalability.ini]
[2020.09.22-23.20.12:057][  0]LogConfig: Setting CVar [[r.SkeletalMeshLODBias:0]]
[2020.09.22-23.20.12:058][  0]LogConfig: Setting CVar [[r.ViewDistanceScale:1.0]]
[2020.09.22-23.20.12:058][  0]LogConfig: Applying CVar settings from Section [AntiAliasingQuality@3] File [C:/Users/Calum O'Donoghue/Documents/GitHub/DemBoisGaming/Saved/Config/Windows/Scalability.ini]
[2020.09.22-23.20.12:058][  0]LogConfig: Setting CVar [[r.PostProcessAAQuality:4]]
[2020.09.22-23.20.12:058][  0]LogConfig: Applying CVar settings from Section [ShadowQuality@3] File [C:/Users/Calum O'Donoghue/Documents/GitHub/DemBoisGaming/Saved/Config/Windows/Scalability.ini]
[2020.09.22-23.20.12:058][  0]LogConfig: Setting CVar [[r.LightFunctionQuality:1]]
[2020.09.22-23.20.12:058][  0]LogConfig: Setting CVar [[r.ShadowQuality:5]]
[2020.09.22-23.20.12:058][  0]LogConfig: Setting CVar [[r.Shadow.CSM.MaxCascades:10]]
[2020.09.22-23.20.12:058][  0]LogConfig: Setting CVar [[r.Shadow.MaxResolution:2048]]
[2020.09.22-23.20.12:058][  0]LogConfig: Setting CVar [[r.Shadow.MaxCSMResolution:2048]]
[2020.09.22-23.20.12:058][  0]LogConfig: Setting CVar [[r.Shadow.RadiusThreshold:0.01]]
[2020.09.22-23.20.12:058][  0]LogConfig: Setting CVar [[r.Shadow.DistanceScale:1.0]]
[2020.09.22-23.20.12:058][  0]LogConfig: Setting CVar [[r.Shadow.CSM.TransitionScale:1.0]]
[2020.09.22-23.20.12:058][  0]LogConfig: Setting CVar [[r.Shadow.PreShadowResolutionFactor:1.0]]
[2020.09.22-23.20.12:058][  0]LogConfig: Setting CVar [[r.DistanceFieldShadowing:1]]
[2020.09.22-23.20.12:058][  0]LogConfig: Setting CVar [[r.DistanceFieldAO:1]]
[2020.09.22-23.20.12:058][  0]LogConfig: Setting CVar [[r.AOQuality:2]]
[2020.09.22-23.20.12:058][  0]LogConfig: Setting CVar [[r.VolumetricFog:1]]
[2020.09.22-23.20.12:058][  0]LogConfig: Setting CVar [[r.VolumetricFog.GridPixelSize:8]]
[2020.09.22-23.20.12:058][  0]LogConfig: Setting CVar [[r.VolumetricFog.GridSizeZ:128]]
[2020.09.22-23.20.12:058][  0]LogConfig: Setting CVar [[r.VolumetricFog.HistoryMissSupersampleCount:4]]
[2020.09.22-23.20.12:058][  0]LogConfig: Setting CVar [[r.LightMaxDrawDistanceScale:1]]
[2020.09.22-23.20.12:058][  0]LogConfig: Setting CVar [[r.CapsuleShadows:1]]
[2020.09.22-23.20.12:058][  0]LogConfig: Applying CVar settings from Section [PostProcessQuality@3] File [C:/Users/Calum O'Donoghue/Documents/GitHub/DemBoisGaming/Saved/Config/Windows/Scalability.ini]
[2020.09.22-23.20.12:058][  0]LogConfig: Setting CVar [[r.MotionBlurQuality:4]]
[2020.09.22-23.20.12:058][  0]LogConfig: Setting CVar [[r.AmbientOcclusionMipLevelFactor:0.4]]
[2020.09.22-23.20.12:058][  0]LogConfig: Setting CVar [[r.AmbientOcclusionMaxQuality:100]]
[2020.09.22-23.20.12:058][  0]LogConfig: Setting CVar [[r.AmbientOcclusionLevels:-1]]
[2020.09.22-23.20.12:058][  0]LogConfig: Setting CVar [[r.AmbientOcclusionRadiusScale:1.0]]
[2020.09.22-23.20.12:058][  0]LogConfig: Setting CVar [[r.DepthOfFieldQuality:2]]
[2020.09.22-23.20.12:058][  0]LogConfig: Setting CVar [[r.RenderTargetPoolMin:400]]
[2020.09.22-23.20.12:058][  0]LogConfig: Setting CVar [[r.LensFlareQuality:2]]
[2020.09.22-23.20.12:058][  0]LogConfig: Setting CVar [[r.SceneColorFringeQuality:1]]
[2020.09.22-23.20.12:058][  0]LogConfig: Setting CVar [[r.EyeAdaptationQuality:2]]
[2020.09.22-23.20.12:058][  0]LogConfig: Setting CVar [[r.BloomQuality:5]]
[2020.09.22-23.20.12:058][  0]LogConfig: Setting CVar [[r.FastBlurThreshold:100]]
[2020.09.22-23.20.12:058][  0]LogConfig: Setting CVar [[r.Upscale.Quality:3]]
[2020.09.22-23.20.12:058][  0]LogConfig: Setting CVar [[r.Tonemapper.GrainQuantization:1]]
[2020.09.22-23.20.12:058][  0]LogConfig: Setting CVar [[r.LightShaftQuality:1]]
[2020.09.22-23.20.12:058][  0]LogConfig: Setting CVar [[r.Filter.SizeScale:1]]
[2020.09.22-23.20.12:058][  0]LogConfig: Setting CVar [[r.Tonemapper.Quality:5]]
[2020.09.22-23.20.12:058][  0]LogConfig: Setting CVar [[r.DOF.Gather.AccumulatorQuality:1        ; higher gathering accumulator quality]]
[2020.09.22-23.20.12:058][  0]LogConfig: Setting CVar [[r.DOF.Gather.PostfilterMethod:1          ; Median3x3 postfilering method]]
[2020.09.22-23.20.12:058][  0]LogConfig: Setting CVar [[r.DOF.Gather.EnableBokehSettings:0       ; no bokeh simulation when gathering]]
[2020.09.22-23.20.12:058][  0]LogConfig: Setting CVar [[r.DOF.Gather.RingCount:4                 ; medium number of samples when gathering]]
[2020.09.22-23.20.12:058][  0]LogConfig: Setting CVar [[r.DOF.Scatter.ForegroundCompositing:1    ; additive foreground scattering]]
[2020.09.22-23.20.12:058][  0]LogConfig: Setting CVar [[r.DOF.Scatter.BackgroundCompositing:2    ; additive background scattering]]
[2020.09.22-23.20.12:058][  0]LogConfig: Setting CVar [[r.DOF.Scatter.EnableBokehSettings:1      ; bokeh simulation when scattering]]
[2020.09.22-23.20.12:058][  0]LogConfig: Setting CVar [[r.DOF.Scatter.MaxSpriteRatio:0.1         ; only a maximum of 10% of scattered bokeh]]
[2020.09.22-23.20.12:058][  0]LogConfig: Setting CVar [[r.DOF.Recombine.Quality:1                ; cheap slight out of focus]]
[2020.09.22-23.20.12:058][  0]LogConfig: Setting CVar [[r.DOF.Recombine.EnableBokehSettings:0    ; no bokeh simulation on slight out of focus]]
[2020.09.22-23.20.12:058][  0]LogConfig: Setting CVar [[r.DOF.TemporalAAQuality:1                ; more stable temporal accumulation]]
[2020.09.22-23.20.12:058][  0]LogConfig: Setting CVar [[r.DOF.Kernel.MaxForegroundRadius:0.025]]
[2020.09.22-23.20.12:058][  0]LogConfig: Setting CVar [[r.DOF.Kernel.MaxBackgroundRadius:0.025]]
[2020.09.22-23.20.12:059][  0]LogConfig: Applying CVar settings from Section [TextureQuality@3] File [C:/Users/Calum O'Donoghue/Documents/GitHub/DemBoisGaming/Saved/Config/Windows/Scalability.ini]
[2020.09.22-23.20.12:059][  0]LogConfig: Setting CVar [[r.Streaming.MipBias:0]]
[2020.09.22-23.20.12:059][  0]LogConfig: Setting CVar [[r.Streaming.AmortizeCPUToGPUCopy:0]]
[2020.09.22-23.20.12:059][  0]LogConfig: Setting CVar [[r.Streaming.MaxNumTexturesToStreamPerFrame:0]]
[2020.09.22-23.20.12:059][  0]LogConfig: Setting CVar [[r.Streaming.Boost:1]]
[2020.09.22-23.20.12:059][  0]LogConfig: Setting CVar [[r.MaxAnisotropy:8]]
[2020.09.22-23.20.12:059][  0]LogConfig: Setting CVar [[r.VT.MaxAnisotropy:8]]
[2020.09.22-23.20.12:059][  0]LogConfig: Setting CVar [[r.Streaming.LimitPoolSizeToVRAM:0]]
[2020.09.22-23.20.12:059][  0]LogConfig: Setting CVar [[r.Streaming.PoolSize:1000]]
[2020.09.22-23.20.12:059][  0]LogConfig: Setting CVar [[r.Streaming.MaxEffectiveScreenSize:0]]
[2020.09.22-23.20.12:059][  0]LogConfig: Applying CVar settings from Section [EffectsQuality@3] File [C:/Users/Calum O'Donoghue/Documents/GitHub/DemBoisGaming/Saved/Config/Windows/Scalability.ini]
[2020.09.22-23.20.12:059][  0]LogConfig: Setting CVar [[r.TranslucencyLightingVolumeDim:64]]
[2020.09.22-23.20.12:059][  0]LogConfig: Setting CVar [[r.RefractionQuality:2]]
[2020.09.22-23.20.12:059][  0]LogConfig: Setting CVar [[r.SSR.Quality:3]]
[2020.09.22-23.20.12:059][  0]LogConfig: Setting CVar [[r.SSR.HalfResSceneColor:0]]
[2020.09.22-23.20.12:059][  0]LogConfig: Setting CVar [[r.SceneColorFormat:4]]
[2020.09.22-23.20.12:059][  0]LogConfig: Setting CVar [[r.DetailMode:2]]
[2020.09.22-23.20.12:059][  0]LogConfig: Setting CVar [[r.TranslucencyVolumeBlur:1]]
[2020.09.22-23.20.12:059][  0]LogConfig: Setting CVar [[r.MaterialQualityLevel:1 ; High quality]]
[2020.09.22-23.20.12:059][  0]LogConfig: Setting CVar [[r.SSS.Scale:1]]
[2020.09.22-23.20.12:059][  0]LogConfig: Setting CVar [[r.SSS.SampleSet:2]]
[2020.09.22-23.20.12:059][  0]LogConfig: Setting CVar [[r.SSS.Quality:1]]
[2020.09.22-23.20.12:059][  0]LogConfig: Setting CVar [[r.SSS.HalfRes:0]]
[2020.09.22-23.20.12:059][  0]LogConfig: Setting CVar [[r.SSGI.Quality:3]]
[2020.09.22-23.20.12:059][  0]LogConfig: Setting CVar [[r.EmitterSpawnRateScale:1.0]]
[2020.09.22-23.20.12:059][  0]LogConfig: Setting CVar [[r.ParticleLightQuality:2]]
[2020.09.22-23.20.12:059][  0]LogConfig: Setting CVar [[r.SkyAtmosphere.AerialPerspectiveLUT.FastApplyOnOpaque:1 ; Always have FastSkyLUT 1 in this case to avoid wrong sky]]
[2020.09.22-23.20.12:059][  0]LogConfig: Setting CVar [[r.SkyAtmosphere.AerialPerspectiveLUT.SampleCountPerSlice:1]]
[2020.09.22-23.20.12:059][  0]LogConfig: Setting CVar [[r.SkyAtmosphere.AerialPerspectiveLUT.DepthResolution:16.0]]
[2020.09.22-23.20.12:059][  0]LogConfig: Setting CVar [[r.SkyAtmosphere.FastSkyLUT:1]]
[2020.09.22-23.20.12:059][  0]LogConfig: Setting CVar [[r.SkyAtmosphere.FastSkyLUT.SampleCountMin:4.0]]
[2020.09.22-23.20.12:059][  0]LogConfig: Setting CVar [[r.SkyAtmosphere.FastSkyLUT.SampleCountMax:32.0]]
[2020.09.22-23.20.12:059][  0]LogConfig: Setting CVar [[r.SkyAtmosphere.SampleCountMin:4.0]]
[2020.09.22-23.20.12:059][  0]LogConfig: Setting CVar [[r.SkyAtmosphere.SampleCountMax:32.0]]
[2020.09.22-23.20.12:059][  0]LogConfig: Setting CVar [[r.SkyAtmosphere.TransmittanceLUT.UseSmallFormat:0]]
[2020.09.22-23.20.12:059][  0]LogConfig: Setting CVar [[r.SkyAtmosphere.TransmittanceLUT.SampleCount:10.0]]
[2020.09.22-23.20.12:059][  0]LogConfig: Setting CVar [[r.SkyAtmosphere.MultiScatteringLUT.SampleCount:15.0]]
[2020.09.22-23.20.12:059][  0]LogConfig: Applying CVar settings from Section [FoliageQuality@3] File [C:/Users/Calum O'Donoghue/Documents/GitHub/DemBoisGaming/Saved/Config/Windows/Scalability.ini]
[2020.09.22-23.20.12:059][  0]LogConfig: Setting CVar [[foliage.DensityScale:1.0]]
[2020.09.22-23.20.12:059][  0]LogConfig: Setting CVar [[grass.DensityScale:1.0]]
[2020.09.22-23.20.12:059][  0]LogConfig: Applying CVar settings from Section [ShadingQuality@3] File [C:/Users/Calum O'Donoghue/Documents/GitHub/DemBoisGaming/Saved/Config/Windows/Scalability.ini]
[2020.09.22-23.20.12:059][  0]LogConfig: Setting CVar [[r.HairStrands.SkyLighting.SampleCount:16]]
[2020.09.22-23.20.12:059][  0]LogConfig: Setting CVar [[r.HairStrands.SkyLighting.JitterIntegration:0]]
[2020.09.22-23.20.12:059][  0]LogConfig: Setting CVar [[r.HairStrands.SkyAO.SampleCount:16]]
[2020.09.22-23.20.12:059][  0]LogConfig: Setting CVar [[r.HairStrands.DeepShadow.SuperSampling:0]]
[2020.09.22-23.20.12:059][  0]LogConfig: Setting CVar [[r.HairStrands.VisibilityPPLL:0]]
[2020.09.22-23.20.12:059][  0]LogConfig: Setting CVar [[r.HairStrands.RasterizationScale:0.5]]
[2020.09.22-23.20.12:059][  0]LogConfig: Setting CVar [[r.HairStrands.VelocityRasterizationScale:1]]
[2020.09.22-23.20.12:059][  0]LogConfig: Applying CVar settings from Section [Startup] File [../../../Engine/Config/ConsoleVariables.ini]
[2020.09.22-23.20.12:060][  0]LogConfig: Setting CVar [[net.UseAdaptiveNetUpdateFrequency:0]]
[2020.09.22-23.20.12:060][  0]LogConfig: Setting CVar [[p.chaos.AllowCreatePhysxBodies:1]]
[2020.09.22-23.20.12:060][  0]LogConfig: Setting CVar [[fx.SkipVectorVMBackendOptimizations:1]]
[2020.09.22-23.20.12:060][  0]LogConfig: Applying CVar settings from Section [ConsoleVariables] File [C:/Users/Calum O'Donoghue/Documents/GitHub/DemBoisGaming/Saved/Config/Windows/Engine.ini]
[2020.09.22-23.20.12:060][  0]LogInit: Computer: DESKTOP-U55887I
[2020.09.22-23.20.12:060][  0]LogInit: User: CalumODonoghue
[2020.09.22-23.20.12:060][  0]LogInit: CPU Page size=4096, Cores=2
[2020.09.22-23.20.12:060][  0]LogInit: High frequency timer resolution =10.000000 MHz
[2020.09.22-23.20.12:060][  0]LogMemory: Memory total: Physical=15.7GB (16GB approx)
[2020.09.22-23.20.12:060][  0]LogMemory: Platform Memory Stats for Windows
[2020.09.22-23.20.12:060][  0]LogMemory: Process Physical Memory: 114.05 MB used, 114.05 MB peak
[2020.09.22-23.20.12:060][  0]LogMemory: Process Virtual Memory: 96.80 MB used, 96.80 MB peak
[2020.09.22-23.20.12:060][  0]LogMemory: Physical Memory: 4894.23 MB used,  11223.95 MB free, 16118.18 MB total
[2020.09.22-23.20.12:060][  0]LogMemory: Virtual Memory: 5102.78 MB used,  134212624.00 MB free, 134217728.00 MB total
[2020.09.22-23.20.12:072][  0]LogWindows: WindowsPlatformFeatures enabled
[2020.09.22-23.20.12:127][  0]LogInit: Physics initialised using underlying interface: PhysX
[2020.09.22-23.20.12:129][  0]LogInit: Using OS detected language (en-GB).
[2020.09.22-23.20.12:129][  0]LogInit: Using OS detected locale (en-GB).
[2020.09.22-23.20.12:138][  0]LogTextLocalizationManager: No specific localization for 'en-GB' exists, so the 'en' localization will be used.
[2020.09.22-23.20.12:458][  0]LogInit: Setting process to per monitor DPI aware
[2020.09.22-23.20.12:562][  0]LogSlate: New Slate User Created.  User Index 0, Is Virtual User: 0
[2020.09.22-23.20.12:562][  0]LogSlate: Slate User Registered.  User Index 0, Is Virtual User: 0
[2020.09.22-23.20.12:907][  0]LogHMD: Failed to initialize OpenVR with code 110
[2020.09.22-23.20.12:907][  0]LogD3D11RHI: D3D11 min allowed feature level: 11_0
[2020.09.22-23.20.12:907][  0]LogD3D11RHI: D3D11 max allowed feature level: 11_0
[2020.09.22-23.20.12:907][  0]LogD3D11RHI: D3D11 adapters:
[2020.09.22-23.20.12:966][  0]LogD3D11RHI:    0. 'AMD Radeon R7 M265 Series' (Feature Level 11_0)
[2020.09.22-23.20.12:966][  0]LogD3D11RHI:       2028/0/8059 MB DedicatedVideo/DedicatedSystem/SharedSystem, Outputs:1, VendorId:0x1002
[2020.09.22-23.20.12:979][  0]LogD3D11RHI:    1. 'Intel(R) HD Graphics 5500' (Feature Level 11_0)
[2020.09.22-23.20.12:979][  0]LogD3D11RHI:       128/0/8059 MB DedicatedVideo/DedicatedSystem/SharedSystem, Outputs:0, VendorId:0x8086
[2020.09.22-23.20.12:985][  0]LogD3D11RHI:    2. 'Microsoft Basic Render Driver' (Feature Level 11_0)
[2020.09.22-23.20.12:985][  0]LogD3D11RHI:       0/0/8059 MB DedicatedVideo/DedicatedSystem/SharedSystem, Outputs:0, VendorId:0x1414
[2020.09.22-23.20.12:985][  0]LogD3D11RHI: Chosen D3D11 Adapter: 0
[2020.09.22-23.20.12:994][  0]LogD3D11RHI: Creating new Direct3DDevice
[2020.09.22-23.20.12:994][  0]LogD3D11RHI:     GPU DeviceId: 0x6604 (for the marketing name, search the web for "GPU Device Id")
[2020.09.22-23.20.12:994][  0]LogWindows: EnumDisplayDevices:
[2020.09.22-23.20.12:994][  0]LogWindows:    0. 'Intel(R) HD Graphics 5500' (P:1 D:1)
[2020.09.22-23.20.12:995][  0]LogWindows:    1. 'Intel(R) HD Graphics 5500' (P:0 D:0)
[2020.09.22-23.20.12:997][  0]LogWindows:    2. 'Intel(R) HD Graphics 5500' (P:0 D:0)
[2020.09.22-23.20.12:998][  0]LogWindows:    3. 'AMD Radeon R7 M265 Series' (P:0 D:0)
[2020.09.22-23.20.12:999][  0]LogWindows:    4. 'AMD Radeon R7 M265 Series' (P:0 D:0)
[2020.09.22-23.20.13:001][  0]LogWindows:    5. 'AMD Radeon R7 M265 Series' (P:0 D:0)
[2020.09.22-23.20.13:002][  0]LogWindows: DebugString: PrimaryIsNotTheChoosenAdapter PrimaryIsNotTheChoosenAdapter PrimaryIsNotTheChoosenAdapter FoundDriverCount:3 
[2020.09.22-23.20.13:002][  0]LogD3D11RHI:     Adapter Name: AMD Radeon R7 M265 Series
[2020.09.22-23.20.13:002][  0]LogD3D11RHI:   Driver Version: Adrenalin 2020 20.1.3 (internal:26.20.15015.1007, unified:26.20.15015.1007)
[2020.09.22-23.20.13:002][  0]LogD3D11RHI:      Driver Date: 1-17-2020
[2020.09.22-23.20.13:002][  0]LogRHI: Texture pool is 1206 MB (70% of 1724 MB)
[2020.09.22-23.20.13:085][  0]LogD3D11RHI: RHI has support for 64 bit atomics
[2020.09.22-23.20.13:085][  0]LogD3D11RHI: Async texture creation enabled
[2020.09.22-23.20.13:085][  0]LogD3D11RHI: Array index from any shader is supported
[2020.09.22-23.20.13:102][  0]LogD3D11RHI: GPU Timing Frequency: 27.000000 (Debug: 2 1)
[2020.09.22-23.20.14:754][  0]LogTargetPlatformManager: Display: Loaded TargetPlatform 'AllDesktop'
[2020.09.22-23.20.14:792][  0]LogTargetPlatformManager: Display: Loaded TargetPlatform 'Android'
[2020.09.22-23.20.14:792][  0]LogTargetPlatformManager: Display: Loaded TargetPlatform 'Android_ASTC'
[2020.09.22-23.20.14:792][  0]LogTargetPlatformManager: Display: Loaded TargetPlatform 'Android_DXT'
[2020.09.22-23.20.14:792][  0]LogTargetPlatformManager: Display: Loaded TargetPlatform 'Android_ETC2'
[2020.09.22-23.20.14:792][  0]LogTargetPlatformManager: Display: Loaded TargetPlatform 'AndroidClient'
[2020.09.22-23.20.14:792][  0]LogTargetPlatformManager: Display: Loaded TargetPlatform 'Android_ASTCClient'
[2020.09.22-23.20.14:792][  0]LogTargetPlatformManager: Display: Loaded TargetPlatform 'Android_DXTClient'
[2020.09.22-23.20.14:792][  0]LogTargetPlatformManager: Display: Loaded TargetPlatform 'Android_ETC2Client'
[2020.09.22-23.20.14:792][  0]LogTargetPlatformManager: Display: Loaded TargetPlatform 'Android_Multi'
[2020.09.22-23.20.14:792][  0]LogTargetPlatformManager: Display: Loaded TargetPlatform 'Android_MultiClient'
[2020.09.22-23.20.14:844][  0]LogTargetPlatformManager: Display: Loaded TargetPlatform 'IOSClient'
[2020.09.22-23.20.14:844][  0]LogTargetPlatformManager: Display: Loaded TargetPlatform 'IOS'
[2020.09.22-23.20.14:864][  0]LogTargetPlatformManager: Display: Loaded TargetPlatform 'Linux'
[2020.09.22-23.20.14:879][  0]LogTargetPlatformManager: Display: Loaded TargetPlatform 'LinuxNoEditor'
[2020.09.22-23.20.14:895][  0]LogTargetPlatformManager: Display: Loaded TargetPlatform 'LinuxClient'
[2020.09.22-23.20.14:910][  0]LogTargetPlatformManager: Display: Loaded TargetPlatform 'LinuxServer'
[2020.09.22-23.20.14:926][  0]LogTargetPlatformManager: Display: Loaded TargetPlatform 'LinuxAArch64NoEditor'
[2020.09.22-23.20.14:942][  0]LogTargetPlatformManager: Display: Loaded TargetPlatform 'LinuxAArch64Client'
[2020.09.22-23.20.14:957][  0]LogTargetPlatformManager: Display: Loaded TargetPlatform 'LinuxAArch64Server'
[2020.09.22-23.20.15:005][  0]LogTargetPlatformManager: Display: Loaded TargetPlatform 'Lumin'
[2020.09.22-23.20.15:005][  0]LogTargetPlatformManager: Display: Loaded TargetPlatform 'LuminClient'
[2020.09.22-23.20.15:033][  0]LogTargetPlatformManager: Display: Loaded TargetPlatform 'TVOSClient'
[2020.09.22-23.20.15:033][  0]LogTargetPlatformManager: Display: Loaded TargetPlatform 'TVOS'
[2020.09.22-23.20.15:049][  0]LogTargetPlatformManager: Display: Loaded TargetPlatform 'WindowsNoEditor'
[2020.09.22-23.20.15:065][  0]LogTargetPlatformManager: Display: Loaded TargetPlatform 'Windows'
[2020.09.22-23.20.15:081][  0]LogTargetPlatformManager: Display: Loaded TargetPlatform 'WindowsClient'
[2020.09.22-23.20.15:096][  0]LogTargetPlatformManager: Display: Loaded TargetPlatform 'WindowsServer'
[2020.09.22-23.20.15:096][  0]LogTargetPlatformManager: Display: Building Assets For Windows
[2020.09.22-23.20.15:110][  0]LogAudioDebug: Display: Lib vorbis DLL was dynamically loaded.
[2020.09.22-23.20.15:221][  0]LogShaderCompilers: Guid format shader working directory is -15 characters bigger than the processId version (../../../../../../Users/Calum O'Donoghue/Documents/GitHub/DemBoisGaming/Intermediate/Shaders/WorkingDirectory/16156/).
[2020.09.22-23.20.15:222][  0]LogShaderCompilers: Cleaned the shader compiler working directory 'C:/Users/Calum O'Donoghue/AppData/Local/Temp/UnrealShaderWorkingDir/F846C8984918A01A24BF3C9DEDC900F6/'.
[2020.09.22-23.20.15:223][  0]LogXGEController: Cannot use XGE Controller as Incredibuild is not installed on this machine.
[2020.09.22-23.20.15:223][  0]LogShaderCompilers: Cannot use XGE Shader Compiler as Incredibuild is not installed on this machine.
[2020.09.22-23.20.15:223][  0]LogShaderCompilers: Display: Using Local Shader Compiler.
[2020.09.22-23.20.16:480][  0]LogDerivedDataCache: Display: Max Cache Size: 512 MB
[2020.09.22-23.20.16:574][  0]LogDerivedDataCache: Loaded boot cache 0.09s 77MB C:/Users/Calum O'Donoghue/AppData/Local/UnrealEngine/4.25/DerivedDataCache/Boot.ddc.
[2020.09.22-23.20.16:574][  0]LogDerivedDataCache: Display: Loaded Boot cache: C:/Users/Calum O'Donoghue/AppData/Local/UnrealEngine/4.25/DerivedDataCache/Boot.ddc
[2020.09.22-23.20.16:574][  0]LogDerivedDataCache: FDerivedDataBackendGraph:  Pak pak cache file ../../../../../../Users/Calum O'Donoghue/Documents/GitHub/DemBoisGaming/DerivedDataCache/DDC.ddp not found, will not use a pak cache.
[2020.09.22-23.20.16:574][  0]LogDerivedDataCache: Unable to find inner node Pak for hierarchical cache Hierarchy.
[2020.09.22-23.20.16:575][  0]LogDerivedDataCache: FDerivedDataBackendGraph:  CompressedPak pak cache file ../../../../../../Users/Calum O'Donoghue/Documents/GitHub/DemBoisGaming/DerivedDataCache/Compressed.ddp not found, will not use a pak cache.
[2020.09.22-23.20.16:575][  0]LogDerivedDataCache: Unable to find inner node CompressedPak for hierarchical cache Hierarchy.
[2020.09.22-23.20.16:590][  0]LogDerivedDataCache: Display: Pak cache opened for reading ../../../Engine/DerivedDataCache/Compressed.ddp.
[2020.09.22-23.20.16:590][  0]LogDerivedDataCache: FDerivedDataBackendGraph:  EnterprisePak pak cache file ../../../Enterprise/DerivedDataCache/Compressed.ddp not found, will not use a pak cache.
[2020.09.22-23.20.16:590][  0]LogDerivedDataCache: Unable to find inner node EnterprisePak for hierarchical cache Hierarchy.
[2020.09.22-23.20.16:592][  0]LogDerivedDataCache: Using Local data cache path C:/Users/Calum O'Donoghue/AppData/Local/UnrealEngine/Common/DerivedDataCache: Writable
[2020.09.22-23.20.16:592][  0]LogDerivedDataCache: Shared data cache path not found in *engine.ini, will not use an Shared cache.
[2020.09.22-23.20.16:592][  0]LogDerivedDataCache: Unable to find inner node Shared for hierarchical cache Hierarchy.
[2020.09.22-23.20.16:671][  0]LogSlate: Using FreeType 2.10.0
[2020.09.22-23.20.16:672][  0]LogSlate: SlateFontServices - WITH_FREETYPE: 1, WITH_HARFBUZZ: 1
[2020.09.22-23.20.16:727][  0]LogAssetRegistry: FAssetRegistry took 0.0039 seconds to start up
[2020.09.22-23.20.17:192][  0]LogInit: Selected Device Profile: [Windows]
[2020.09.22-23.20.17:373][  0]LogMeshReduction: Using QuadricMeshReduction for automatic static mesh reduction
[2020.09.22-23.20.17:373][  0]LogMeshReduction: Using SimplygonMeshReduction for automatic skeletal mesh reduction
[2020.09.22-23.20.17:373][  0]LogMeshReduction: Using ProxyLODMeshReduction for automatic mesh merging
[2020.09.22-23.20.17:373][  0]LogMeshReduction: No distributed automatic mesh merging module available
[2020.09.22-23.20.17:373][  0]LogMeshMerging: No distributed automatic mesh merging module available
[2020.09.22-23.20.17:398][  0]LogNetVersion: DemBoisGaming 1.0.0, NetCL: 13144385, EngineNetVer: 14, GameNetVer: 0 (Checksum: 2739688100)
[2020.09.22-23.20.18:327][  0]LogAISub: UAISubsystem::UAISubsystem AISubsystem (000002053DD27700), frame # 0
[2020.09.22-23.20.18:327][  0]LogAISub: UAISubsystem::UAISubsystem AIPerceptionSystem (000002053DD391C0), frame # 0
[2020.09.22-23.20.18:330][  0]LogAISub: UAISubsystem::UAISubsystem EnvQueryManager (000002053DD79C00), frame # 0
[2020.09.22-23.20.18:458][  0]LogPackageLocalizationCache: Processed 19 localized package path(s) for 1 prioritized culture(s) in 0.118243 seconds
[2020.09.22-23.20.18:464][  0]LogUObjectArray: 15917 objects as part of root set at end of initial load.
[2020.09.22-23.20.18:464][  0]LogUObjectAllocator: 3965568 out of 0 bytes used by permanent object pool.
[2020.09.22-23.20.18:464][  0]LogUObjectArray: CloseDisregardForGC: 0/0 objects in disregard for GC pool
[2020.09.22-23.20.19:036][  0]LogTcpMessaging: Initializing TcpMessaging bridge
[2020.09.22-23.20.19:042][  0]LogUdpMessaging: Initializing bridge on interface 0.0.0.0:0 to multicast group 230.0.0.1:6666.
[2020.09.22-23.20.19:168][  0]SourceControl: Source control is disabled
[2020.09.22-23.20.19:168][  0]SourceControl: Source control is disabled
[2020.09.22-23.20.19:173][  0]SourceControl: Source control is disabled
[2020.09.22-23.20.19:178][  0]SourceControl: Source control is disabled
[2020.09.22-23.20.19:191][  0]SourceControl: Source control is disabled
[2020.09.22-23.20.19:215][  0]LogVSAccessor: Display: Unable to create Visual Studio setup instance: 80040154
[2020.09.22-23.20.19:217][  0]LogVSAccessor: Display: Unable to create Visual Studio setup instance: 80040154
[2020.09.22-23.20.19:596][  0]LogAndroidPermission: UAndroidPermissionCallbackProxy::GetInstance
[2020.09.22-23.20.19:628][  0]LogAudioCaptureCore: Display: No Audio Capture implementations found. Audio input will be silent.
[2020.09.22-23.20.19:628][  0]LogAudioCaptureCore: Display: No Audio Capture implementations found. Audio input will be silent.
[2020.09.22-23.20.19:713][  0]LogOcInput: OculusInput pre-init called
[2020.09.22-23.20.19:733][  0]LogWindows: Failed to load 'OVRPlugin.dll' (GetLastError=126)
[2020.09.22-23.20.19:734][  0]LogWindows: File 'OVRPlugin.dll' does not exist
[2020.09.22-23.20.19:830][  0]LogEngine: Initializing Engine...
[2020.09.22-23.20.19:835][  0]LogHMD: Failed to initialize OpenVR with code 110
[2020.09.22-23.20.19:835][  0]LogMagicLeap: Warning: VR disabled because ZI is not enabled.  To enable, in the editor, Edit -> Project Settings -> Plugins -> Magic Leap Plugin -> Enable Zero Iteration
[2020.09.22-23.20.19:838][  0]LogStats: UGameplayTagsManager::InitializeManager -  0.000 s
[2020.09.22-23.20.20:044][  0]LogInit: Initializing FReadOnlyCVARCache
[2020.09.22-23.20.20:055][  0]LogAIModule: Creating AISystem for world Untitled
[2020.09.22-23.20.20:055][  0]LogAISub: UAISubsystem::UAISubsystem EnvQueryManager (0000020558C1C600), frame # 0
[2020.09.22-23.20.20:055][  0]LogAISub: UAISubsystem::UAISubsystem AIPerceptionSystem (0000020558BFEFC0), frame # 0
[2020.09.22-23.20.20:097][  0]LogAudioMixer: Display: Audio Mixer Platform Settings:
[2020.09.22-23.20.20:097][  0]LogAudioMixer: Display: 	Sample Rate:						  48000
[2020.09.22-23.20.20:097][  0]LogAudioMixer: Display: 	Callback Buffer Frame Size Requested: 1024
[2020.09.22-23.20.20:097][  0]LogAudioMixer: Display: 	Callback Buffer Frame Size To Use:	  1024
[2020.09.22-23.20.20:097][  0]LogAudioMixer: Display: 	Number of buffers to queue:			  2
[2020.09.22-23.20.20:097][  0]LogAudioMixer: Display: 	Max Channels (voices):				  32
[2020.09.22-23.20.20:097][  0]LogAudioMixer: Display: 	Number of Async Source Workers:		  0
[2020.09.22-23.20.20:097][  0]LogAudio: Display: AudioDevice MaxSources: 32
[2020.09.22-23.20.20:098][  0]LogAudio: Display: Using built-in audio occlusion.
[2020.09.22-23.20.20:098][  0]LogAudioMixer: Display: Initializing audio mixer.
[2020.09.22-23.20.20:140][  0]LogAudioMixer: Display: 0: FrontLeft
[2020.09.22-23.20.20:140][  0]LogAudioMixer: Display: 1: FrontRight
[2020.09.22-23.20.20:285][  0]LogAudioMixer: Display: Using Audio Device PHL 276E9Q (Intel(R) Display Audio)
[2020.09.22-23.20.20:287][  0]LogAudioMixer: Display: Initializing Sound Submixes...
[2020.09.22-23.20.20:292][  0]LogAudioMixer: Display: Creating Master Submix 'MasterSubmixDefault'
[2020.09.22-23.20.20:292][  0]LogAudioMixer: Display: Creating Master Submix 'MasterReverbSubmixDefault'
[2020.09.22-23.20.20:293][  0]LogAudioMixer: Display: Creating Master Submix 'MasterEQSubmixDefault'
[2020.09.22-23.20.20:295][  0]LogInit: FAudioDevice initialized.
[2020.09.22-23.20.20:295][  0]LogNetVersion: Set ProjectVersion to 1.0.0.0. Version Checksum will be recalculated on next use.
[2020.09.22-23.20.20:411][  0]LogDerivedDataCache: Saved boot cache 0.12s 77MB C:/Users/Calum O'Donoghue/AppData/Local/UnrealEngine/4.25/DerivedDataCache/Boot.ddc.
[2020.09.22-23.20.20:413][  0]LogInit: Texture streaming: Enabled
[2020.09.22-23.20.20:441][  0]LogEngineSessionManager: EngineSessionManager initialized
[2020.09.22-23.20.20:441][  0]LogEditorSessionSummary: Verbose: Initializing EditorSessionSummaryWriter for editor session tracking
[2020.09.22-23.20.20:451][  0]LogEditorSessionSummary: EditorSessionSummaryWriter initialized
[2020.09.22-23.20.20:465][  0]LogLiveCoding: Display: Starting LiveCoding
[2020.09.22-23.20.20:465][  0]LogLiveCoding: Display: LiveCodingConsole Arguments: UE4Editor Win64 Development
[2020.09.22-23.20.23:941][  0]LogLiveCoding: Display: First instance in process group "UE4_DemBoisGaming_0x9f99259b", spawning console
[2020.09.22-23.20.23:941][  0]LogLiveCoding: Display: Waiting for server
[2020.09.22-23.20.23:941][  0]LogLiveCoding: Display: Successfully initialized, removing startup thread
[2020.09.22-23.20.23:999][  0]LogInit: Transaction tracking system initialized
[2020.09.22-23.20.24:038][  0]BlueprintLog: New page: Editor Load
[2020.09.22-23.20.24:164][  0]LocalizationService: Localization service is disabled
[2020.09.22-23.20.24:301][  0]LogVSAccessor: Display: Unable to create Visual Studio setup instance: 80040154
[2020.09.22-23.20.24:303][  0]LogVSAccessor: Display: Unable to create Visual Studio setup instance: 80040154
[2020.09.22-23.20.24:471][  0]LogCook: Display: Max memory allowance for cook 16384mb min free memory 0mb
[2020.09.22-23.20.24:471][  0]LogCook: Display: Mobile HDR setting 1
[2020.09.22-23.20.24:747][  0]LogFileCache: Scanning file cache for directory 'C:/Users/Calum O'Donoghue/Documents/GitHub/DemBoisGaming/Content/' took 0.02s
[2020.09.22-23.20.25:461][  0]SourceControl: Source control is disabled
[2020.09.22-23.20.25:461][  0]LogUnrealEdMisc: Loading editor; pre map load, took 18.156
[2020.09.22-23.20.25:461][  0]Cmd: MAP LOAD FILE="../../../../../../Users/Calum O'Donoghue/Documents/GitHub/DemBoisGaming/Content/FirstPersonBP/Maps/FirstPersonExampleMap.umap" TEMPLATE=0 SHOWPROGRESS=1 FEATURELEVEL=3
[2020.09.22-23.20.25:462][  0]LightingResults: New page: Lighting Build
[2020.09.22-23.20.25:463][  0]LogWorld: UWorld::CleanupWorld for Untitled, bSessionEnded=true, bCleanupResources=true
[2020.09.22-23.20.25:463][  0]LogSlate: InvalidateAllWidgets triggered.  All widgets were invalidated
[2020.09.22-23.20.25:463][  0]MapCheck: New page: Map Check
[2020.09.22-23.20.25:463][  0]LightingResults: New page: Lighting Build
[2020.09.22-23.20.25:477][  0]LogAISub: UAISubsystem::~UAISubsystem EnvQueryManager (0000020558C1C600), frame # 0
[2020.09.22-23.20.25:477][  0]LogAISub: UAISubsystem::~UAISubsystem AIPerceptionSystem (0000020558BFEFC0), frame # 0
[2020.09.22-23.20.25:478][  0]LogUObjectHash: Compacting FUObjectHashTables data took   1.00ms
[2020.09.22-23.20.25:978][  0]LogAIModule: Creating AISystem for world FirstPersonExampleMap
[2020.09.22-23.20.25:978][  0]LogAISub: UAISubsystem::UAISubsystem EnvQueryManager (0000020544428A00), frame # 0
[2020.09.22-23.20.25:978][  0]LogAISub: UAISubsystem::UAISubsystem AIPerceptionSystem (0000020544548F40), frame # 0
[2020.09.22-23.20.25:998][  0]LogEditorServer: Finished looking for orphan Actors (0.000 secs)
[2020.09.22-23.20.26:030][  0]LogUObjectHash: Compacting FUObjectHashTables data took   1.18ms
[2020.09.22-23.20.26:030][  0]Cmd: MAP CHECKDEP NOCLEARLOG
[2020.09.22-23.20.26:030][  0]MapCheck: Map check complete: 0 Error(s), 0 Warning(s), took 0.268ms to complete.
[2020.09.22-23.20.26:030][  0]LogFileHelpers: Loading map 'FirstPersonExampleMap' took 0.569
[2020.09.22-23.20.26:032][  0]LogUnrealEdMisc: Total Editor Startup Time, took 18.727
[2020.09.22-23.20.26:206][  0]LogSlate: Updating window title bar state: overlay mode, drag disabled, window buttons hidden, title bar hidden
[2020.09.22-23.20.26:217][  0]LogSlate: Updating window title bar state: overlay mode, drag disabled, window buttons hidden, title bar hidden
[2020.09.22-23.20.26:230][  0]LogSlate: Updating window title bar state: overlay mode, drag disabled, window buttons hidden, title bar hidden
[2020.09.22-23.20.26:241][  0]LogSlate: Updating window title bar state: overlay mode, drag disabled, window buttons hidden, title bar hidden
[2020.09.22-23.20.26:258][  0]LogCollectionManager: Loaded 0 collections in 0.006021 seconds
[2020.09.22-23.20.26:281][  0]LogFileCache: Scanning file cache for directory 'C:/Users/Calum O'Donoghue/Documents/GitHub/DemBoisGaming/Saved/Collections/' took 0.00s
[2020.09.22-23.20.26:281][  0]LogFileCache: Scanning file cache for directory 'C:/Users/Calum O'Donoghue/Documents/GitHub/DemBoisGaming/Content/Developers/CalumODonoghue/Collections/' took 0.00s
[2020.09.22-23.20.26:282][  0]LogFileCache: Scanning file cache for directory 'C:/Users/Calum O'Donoghue/Documents/GitHub/DemBoisGaming/Content/Collections/' took 0.00s
[2020.09.22-23.20.26:282][  0]LogContentBrowser: Native class hierarchy populated in 0.0134 seconds. Added 3427 classes and 821 folders.
[2020.09.22-23.20.26:286][  0]LogContentBrowser: Native class hierarchy updated for 'WidgetCarousel' in 0.0004 seconds. Added 0 classes and 0 folders.
[2020.09.22-23.20.26:427][  0]LogContentBrowser: Native class hierarchy updated for 'AddContentDialog' in 0.0003 seconds. Added 0 classes and 0 folders.
[2020.09.22-23.20.26:429][  0]LogContentBrowser: Native class hierarchy updated for 'SceneOutliner' in 0.0003 seconds. Added 2 classes and 0 folders.
[2020.09.22-23.20.26:491][  0]LogSlate: Took 0.000416 seconds to synchronously load lazily loaded font '../../../Engine/Content/Slate/Fonts/Roboto-Regular.ttf' (155K)
[2020.09.22-23.20.26:496][  0]LogSlate: Took 0.000838 seconds to synchronously load lazily loaded font '../../../Engine/Content/Slate/Fonts/Roboto-Bold.ttf' (160K)
[2020.09.22-23.20.26:505][  0]LogSlate: Took 0.000368 seconds to synchronously load lazily loaded font '../../../Engine/Content/Editor/Slate/Fonts/FontAwesome.ttf' (139K)
[2020.09.22-23.20.26:624][  0]LogRenderer: Reallocating scene render targets to support 1208x572 Format 10 NumSamples 1 (Frame:1).
[2020.09.22-23.20.26:850][  0]LogContentBrowser: Native class hierarchy updated for 'HierarchicalLODOutliner' in 0.0004 seconds. Added 0 classes and 0 folders.
[2020.09.22-23.20.26:850][  0]LogLoad: (Engine Initialization) Total time: 19.54 seconds
[2020.09.22-23.20.26:851][  0]LogLoad: (Engine Initialization) Total Blueprint compile time: 0.00 seconds
[2020.09.22-23.20.26:920][  0]LogAssetRegistry: Asset discovery search completed in 10.1933 seconds
[2020.09.22-23.20.26:926][  0]LogCollectionManager: Fixed up redirectors for 0 collections in 0.000003 seconds (updated 0 objects)
[2020.09.22-23.20.26:927][  0]LogContentStreaming: Texture pool size now 1000 MB
[2020.09.22-23.20.26:944][  0]LogSlate: Took 0.000338 seconds to synchronously load lazily loaded font '../../../Engine/Content/Slate/Fonts/Roboto-Light.ttf' (167K)
[2020.09.22-23.20.31:645][188]LogTemp: Repeating last play command: Selected Viewport
[2020.09.22-23.20.31:665][188]LogPlayLevel: PlayLevel: No blueprints needed recompiling
[2020.09.22-23.20.31:665][188]PIE: New page: PIE session: FirstPersonExampleMap (23 Sep 2020, 01:20:31)
[2020.09.22-23.20.31:667][188]LogOnline: OSS: Creating online subsystem instance for: NULL
[2020.09.22-23.20.31:668][188]LogOnline: OSS: TryLoadSubsystemAndSetDefault: Loaded subsystem for module [NULL]
[2020.09.22-23.20.31:668][188]LogPlayLevel: Creating play world package: /Game/FirstPersonBP/Maps/UEDPIE_0_FirstPersonExampleMap
[2020.09.22-23.20.31:691][188]LogPlayLevel: PIE: StaticDuplicateObject took: (0.022523s)
[2020.09.22-23.20.31:694][188]LogAIModule: Creating AISystem for world FirstPersonExampleMap
[2020.09.22-23.20.31:694][188]LogAISub: UAISubsystem::UAISubsystem EnvQueryManager (000002057C421E00), frame # 188
[2020.09.22-23.20.31:694][188]LogAISub: UAISubsystem::UAISubsystem AIPerceptionSystem (0000020543D11080), frame # 188
[2020.09.22-23.20.31:694][188]LogPlayLevel: PIE: World Init took: (0.003084s)
[2020.09.22-23.20.31:694][188]LogPlayLevel: PIE: Created PIE world by copying editor world from /Game/FirstPersonBP/Maps/FirstPersonExampleMap.FirstPersonExampleMap to /Game/FirstPersonBP/Maps/UEDPIE_0_FirstPersonExampleMap.FirstPersonExampleMap (0.025918s)
[2020.09.22-23.20.31:706][188]LogUObjectHash: Compacting FUObjectHashTables data took   0.83ms
[2020.09.22-23.20.31:708][188]LogAudioMixer: Display: Audio Mixer Platform Settings:
[2020.09.22-23.20.31:708][188]LogAudioMixer: Display: 	Sample Rate:						  48000
[2020.09.22-23.20.31:708][188]LogAudioMixer: Display: 	Callback Buffer Frame Size Requested: 1024
[2020.09.22-23.20.31:708][188]LogAudioMixer: Display: 	Callback Buffer Frame Size To Use:	  1024
[2020.09.22-23.20.31:708][188]LogAudioMixer: Display: 	Number of buffers to queue:			  2
[2020.09.22-23.20.31:708][188]LogAudioMixer: Display: 	Max Channels (voices):				  32
[2020.09.22-23.20.31:708][188]LogAudioMixer: Display: 	Number of Async Source Workers:		  0
[2020.09.22-23.20.31:708][188]LogAudio: Display: AudioDevice MaxSources: 32
[2020.09.22-23.20.31:709][188]LogAudio: Display: Using built-in audio occlusion.
[2020.09.22-23.20.31:709][188]LogAudioMixer: Display: Initializing audio mixer.
[2020.09.22-23.20.31:722][188]LogAudioMixer: Display: 0: FrontLeft
[2020.09.22-23.20.31:722][188]LogAudioMixer: Display: 1: FrontRight
[2020.09.22-23.20.31:767][188]LogAudioMixer: Display: Using Audio Device PHL 276E9Q (Intel(R) Display Audio)
[2020.09.22-23.20.31:768][188]LogAudioMixer: Display: Initializing Sound Submixes...
[2020.09.22-23.20.31:768][188]LogAudioMixer: Display: Creating Master Submix 'MasterSubmixDefault'
[2020.09.22-23.20.31:768][188]LogAudioMixer: Display: Creating Master Submix 'MasterReverbSubmixDefault'
[2020.09.22-23.20.31:768][188]LogAudioMixer: Display: Creating Master Submix 'MasterEQSubmixDefault'
[2020.09.22-23.20.31:788][188]LogInit: FAudioDevice initialized.
[2020.09.22-23.20.31:799][188]LogLoad: Game class is 'FirstPersonGameMode_C'
[2020.09.22-23.20.31:803][188]LogWorld: Bringing World /Game/FirstPersonBP/Maps/UEDPIE_0_FirstPersonExampleMap.FirstPersonExampleMap up for play (max tick rate 60) at 2020.09.23-00.20.31
[2020.09.22-23.20.31:803][188]LogWorld: Bringing up level for play took: 0.002866
[2020.09.22-23.20.31:804][188]LogOnline: OSS: Creating online subsystem instance for: :Context_1
[2020.09.22-23.20.31:815][188]LogContentBrowser: Native class hierarchy updated for 'MovieSceneCapture' in 0.0004 seconds. Added 20 classes and 0 folders.
[2020.09.22-23.20.31:816][188]PIE: Server logged in
[2020.09.22-23.20.31:817][188]PIE: Play in editor total start time 0.156 seconds.
[2020.09.22-23.20.49:271][526]LogSlate: Updating window title bar state: overlay mode, drag disabled, window buttons hidden, title bar hidden
[2020.09.22-23.20.49:272][526]LogWorld: BeginTearingDown for /Game/FirstPersonBP/Maps/UEDPIE_0_FirstPersonExampleMap
[2020.09.22-23.20.49:275][526]LogWorld: UWorld::CleanupWorld for FirstPersonExampleMap, bSessionEnded=true, bCleanupResources=true
[2020.09.22-23.20.49:277][526]LogSlate: InvalidateAllWidgets triggered.  All widgets were invalidated
[2020.09.22-23.20.49:318][526]LogPlayLevel: Display: Shutting down PIE online subsystems
[2020.09.22-23.20.49:326][526]LogSlate: InvalidateAllWidgets triggered.  All widgets were invalidated
[2020.09.22-23.20.49:538][526]LogSlate: Updating window title bar state: overlay mode, drag disabled, window buttons hidden, title bar hidden
[2020.09.22-23.20.49:545][526]LogAISub: UAISubsystem::~UAISubsystem AIPerceptionSystem (0000020543D11080), frame # 526
[2020.09.22-23.20.49:546][526]LogAISub: UAISubsystem::~UAISubsystem EnvQueryManager (000002057C421E00), frame # 526
[2020.09.22-23.20.49:555][526]LogUObjectHash: Compacting FUObjectHashTables data took   6.81ms
[2020.09.22-23.20.49:815][527]LogPlayLevel: Display: Destroying online subsystem :Context_1
[2020.09.22-23.23.19:459][189]LogSlate: Window 'Source Control Login' being destroyed
[2020.09.22-23.23.33:374][423]LogEditorViewport: Clicking on Actor (LMB): StaticMeshActor (Wall1)
[2020.09.22-23.23.38:192][509]LogSlate: Window 'Source Control Login' being destroyed
[2020.09.22-23.23.57:131][862]SourceControl: fatal: C:/Program Files/Epic Games/UE_4.25/Engine/Content: 'C:/Program Files/Epic Games/UE_4.25/Engine/Content' is outside repository
[2020.09.22-23.23.57:131][862]SourceControl: fatal: C:/Program Files/Epic Games/UE_4.25/Engine/Plugins/2D/Paper2D/Content: 'C:/Program Files/Epic Games/UE_4.25/Engine/Plugins/2D/Paper2D/Content' is outside repository
[2020.09.22-23.23.57:131][862]SourceControl: fatal: C:/Program Files/Epic Games/UE_4.25/Engine/Plugins/Developer/AnimationSharing/Content: 'C:/Program Files/Epic Games/UE_4.25/Engine/Plugins/Developer/AnimationSharing/Content' is outside repository
[2020.09.22-23.23.57:131][862]SourceControl: fatal: C:/Program Files/Epic Games/UE_4.25/Engine/Plugins/Editor/GeometryMode/Content: 'C:/Program Files/Epic Games/UE_4.25/Engine/Plugins/Editor/GeometryMode/Content' is outside repository
[2020.09.22-23.23.57:131][862]SourceControl: fatal: C:/Program Files/Epic Games/UE_4.25/Engine/Plugins/Enterprise/DatasmithContent/Content: 'C:/Program Files/Epic Games/UE_4.25/Engine/Plugins/Enterprise/DatasmithContent/Content' is outside repository
[2020.09.22-23.23.57:131][862]SourceControl: fatal: C:/Program Files/Epic Games/UE_4.25/Engine/Plugins/Experimental/ChaosClothEditor/Content: 'C:/Program Files/Epic Games/UE_4.25/Engine/Plugins/Experimental/ChaosClothEditor/Content' is outside repository
[2020.09.22-23.23.57:131][862]SourceControl: fatal: C:/Program Files/Epic Games/UE_4.25/Engine/Plugins/Experimental/ChaosNiagara/Content: 'C:/Program Files/Epic Games/UE_4.25/Engine/Plugins/Experimental/ChaosNiagara/Content' is outside repository
[2020.09.22-23.23.57:132][862]SourceControl: fatal: C:/Program Files/Epic Games/UE_4.25/Engine/Plugins/Experimental/ChaosSolverPlugin/Content: 'C:/Program Files/Epic Games/UE_4.25/Engine/Plugins/Experimental/ChaosSolverPlugin/Content' is outside repository
[2020.09.22-23.23.57:132][862]SourceControl: fatal: C:/Program Files/Epic Games/UE_4.25/Engine/Plugins/Experimental/GeometryCollectionPlugin/Content: 'C:/Program Files/Epic Games/UE_4.25/Engine/Plugins/Experimental/GeometryCollectionPlugin/Content' is outside repository
[2020.09.22-23.23.57:132][862]SourceControl: fatal: C:/Program Files/Epic Games/UE_4.25/Engine/Plugins/Experimental/GeometryProcessing/Content: 'C:/Program Files/Epic Games/UE_4.25/Engine/Plugins/Experimental/GeometryProcessing/Content' is outside repository
[2020.09.22-23.23.57:132][862]SourceControl: fatal: C:/Program Files/Epic Games/UE_4.25/Engine/Plugins/FX/Niagara/Content: 'C:/Program Files/Epic Games/UE_4.25/Engine/Plugins/FX/Niagara/Content' is outside repository
[2020.09.22-23.23.57:132][862]SourceControl: fatal: C:/Program Files/Epic Games/UE_4.25/Engine/Plugins/Lumin/MagicLeap/Content: 'C:/Program Files/Epic Games/UE_4.25/Engine/Plugins/Lumin/MagicLeap/Content' is outside repository
[2020.09.22-23.23.57:132][862]SourceControl: fatal: C:/Program Files/Epic Games/UE_4.25/Engine/Plugins/Lumin/MagicLeapPassableWorld/Content: 'C:/Program Files/Epic Games/UE_4.25/Engine/Plugins/Lumin/MagicLeapPassableWorld/Content' is outside repository
[2020.09.22-23.23.57:132][862]SourceControl: fatal: C:/Program Files/Epic Games/UE_4.25/Engine/Plugins/Media/MediaCompositing/Content: 'C:/Program Files/Epic Games/UE_4.25/Engine/Plugins/Media/MediaCompositing/Content' is outside repository
[2020.09.22-23.23.57:132][862]SourceControl: fatal: C:/Program Files/Epic Games/UE_4.25/Engine/Plugins/MovieScene/MovieRenderPipeline/Content: 'C:/Program Files/Epic Games/UE_4.25/Engine/Plugins/MovieScene/MovieRenderPipeline/Content' is outside repository
[2020.09.22-23.23.57:132][862]SourceControl: fatal: C:/Program Files/Epic Games/UE_4.25/Engine/Plugins/Runtime/Oculus/OculusVR/Content: 'C:/Program Files/Epic Games/UE_4.25/Engine/Plugins/Runtime/Oculus/OculusVR/Content' is outside repository
[2020.09.22-23.23.57:132][862]SourceControl: fatal: C:/Program Files/Epic Games/UE_4.25/Engine/Plugins/Runtime/PostSplashScreen/Content: 'C:/Program Files/Epic Games/UE_4.25/Engine/Plugins/Runtime/PostSplashScreen/Content' is outside repository
[2020.09.22-23.23.57:132][862]SourceControl: fatal: C:/Program Files/Epic Games/UE_4.25/Engine/Plugins/Runtime/Steam/SteamVR/Content: 'C:/Program Files/Epic Games/UE_4.25/Engine/Plugins/Runtime/Steam/SteamVR/Content' is outside repository
[2020.09.22-23.24.16:263][862]LogSlate: Window 'Submit Files' being destroyed
[2020.09.22-23.24.19:779][862]LogSourceControl: commit successful: [master 12ba77c] no idea what i changed
[2020.09.22-23.24.20:047][862]SourceControl: [master 12ba77c] no idea what i changed
[2020.09.22-23.24.20:047][862]SourceControl:  3 files changed, 0 insertions(+), 0 deletions(-)
[2020.09.22-23.24.20:047][862]SourceControl:  rewrite Content/StarterContent/Architecture/Floor_400x400.uasset (89%)
[2020.09.22-23.24.20:060][862]SourceControl: Commited [master 12ba77c] no idea what i changed.
